<?xml version="1.0" encoding="utf-8"?><testsuites name="pytest tests"><testsuite name="pytest" errors="0" failures="24" skipped="0" tests="32" time="47.728" timestamp="2026-08-15T15:18:27.067924-06:00" hostname="sanitized-local-host"><testcase classname="tests.priceSources.curve.test_curve_prices" name="test_add_curve_price_green_single_asset" time="38.233"><failure message="AssertionError: assert False&#10; +  where False = contracts/priceSources/CurvePrices.vy.confirmNewPriceFeed(&lt;contracts/tokens/GreenToken.vy at 0xC6Acb7D16D51f72eAA659668F30A40d87E2E0551, compiled with vyper-0.4.3+bff19ea2&gt;, sender=Address('0x064e88f9CD0eF0525f7A125D4396eE93468C7cdD'))&#10; +    where contracts/priceSources/CurvePrices.vy.confirmNewPriceFeed = &lt;contracts/priceSources/CurvePrices.vy at 0xB854c1f42f9ccedB43Ef646c94c2512ecbB05BA1, compiled with vyper-0.4.3+bff19e...'update': 0, 'inDanger': False}), 'numBlocksInDanger': 0, 'nextIndex': 0}), snapShots={}, pendingGreenRefPoolConfig={}&gt;.confirmNewPriceFeed&#10; +    and   Address('0x064e88f9CD0eF0525f7A125D4396eE93468C7cdD') = &lt;contracts/mock/MockRando.vy at 0x064e88f9CD0eF0525f7A125D4396eE93468C7cdD, compiled with vyper-0.4.3+bff19ea2&gt;.address">green_token = &lt;contracts/tokens/GreenToken.vy at 0xC6Acb7D16D51f72eAA659668F30A40d87E2E0551, compiled with vyper-0.4.3+bff19ea2&gt;
deployed_green_pool = Address('0x3CC723aBAa73a0C325752195def5B462051F74d4')
curve_prices = &lt;contracts/priceSources/CurvePrices.vy at 0xB854c1f42f9ccedB43Ef646c94c2512ecbB05BA1, compiled with vyper-0.4.3+bff19e...'update': 0, 'inDanger': False}), 'numBlocksInDanger': 0, 'nextIndex': 0}), snapShots={}, pendingGreenRefPoolConfig={}&gt;
governance = &lt;contracts/mock/MockRando.vy at 0x064e88f9CD0eF0525f7A125D4396eE93468C7cdD, compiled with vyper-0.4.3+bff19ea2&gt;
usdc_token = &lt;usdc interface at 0x833589fCD6eDb6E08f4c7C32D4f71b54bdA02913&gt;

    @pytest.base
    def test_add_curve_price_green_single_asset(
        green_token,
        deployed_green_pool,
        curve_prices,
        governance,
        usdc_token,
    ):
        assert curve_prices.isValidNewFeed(green_token, deployed_green_pool)

        # add new price feed
        assert curve_prices.addNewPriceFeed(green_token, deployed_green_pool, sender=governance.address)
        boa.env.time_travel(blocks=curve_prices.actionTimeLock() + 1)
&gt;       assert curve_prices.confirmNewPriceFeed(green_token, sender=governance.address)
E       AssertionError: assert False
E        +  where False = contracts/priceSources/CurvePrices.vy.confirmNewPriceFeed(&lt;contracts/tokens/GreenToken.vy at 0xC6Acb7D16D51f72eAA659668F30A40d87E2E0551, compiled with vyper-0.4.3+bff19ea2&gt;, sender=Address('0x064e88f9CD0eF0525f7A125D4396eE93468C7cdD'))
E        +    where contracts/priceSources/CurvePrices.vy.confirmNewPriceFeed = &lt;contracts/priceSources/CurvePrices.vy at 0xB854c1f42f9ccedB43Ef646c94c2512ecbB05BA1, compiled with vyper-0.4.3+bff19e...'update': 0, 'inDanger': False}), 'numBlocksInDanger': 0, 'nextIndex': 0}), snapShots={}, pendingGreenRefPoolConfig={}&gt;.confirmNewPriceFeed
E        +    and   Address('0x064e88f9CD0eF0525f7A125D4396eE93468C7cdD') = &lt;contracts/mock/MockRando.vy at 0x064e88f9CD0eF0525f7A125D4396eE93468C7cdD, compiled with vyper-0.4.3+bff19ea2&gt;.address

tests/priceSources/curve/test_curve_prices.py:86: AssertionError</failure></testcase><testcase classname="tests.priceSources.curve.test_curve_prices" name="test_get_price_green_single_asset" time="0.073"><failure message="AssertionError: assert False&#10; +  where False = contracts/priceSources/CurvePrices.vy.confirmNewPriceFeed(&lt;contracts/tokens/GreenToken.vy at 0xC6Acb7D16D51f72eAA659668F30A40d87E2E0551, compiled with vyper-0.4.3+bff19ea2&gt;, sender=Address('0x064e88f9CD0eF0525f7A125D4396eE93468C7cdD'))&#10; +    where contracts/priceSources/CurvePrices.vy.confirmNewPriceFeed = &lt;contracts/priceSources/CurvePrices.vy at 0xB854c1f42f9ccedB43Ef646c94c2512ecbB05BA1, compiled with vyper-0.4.3+bff19e...'update': 0, 'inDanger': False}), 'numBlocksInDanger': 0, 'nextIndex': 0}), snapShots={}, pendingGreenRefPoolConfig={}&gt;.confirmNewPriceFeed&#10; +    and   Address('0x064e88f9CD0eF0525f7A125D4396eE93468C7cdD') = &lt;contracts/mock/MockRando.vy at 0x064e88f9CD0eF0525f7A125D4396eE93468C7cdD, compiled with vyper-0.4.3+bff19ea2&gt;.address">usdc_token = &lt;usdc interface at 0x833589fCD6eDb6E08f4c7C32D4f71b54bdA02913&gt;
deployed_green_pool = Address('0x3CC723aBAa73a0C325752195def5B462051F74d4')
green_token = &lt;contracts/tokens/GreenToken.vy at 0xC6Acb7D16D51f72eAA659668F30A40d87E2E0551, compiled with vyper-0.4.3+bff19ea2&gt;
curve_prices = &lt;contracts/priceSources/CurvePrices.vy at 0xB854c1f42f9ccedB43Ef646c94c2512ecbB05BA1, compiled with vyper-0.4.3+bff19e...'update': 0, 'inDanger': False}), 'numBlocksInDanger': 0, 'nextIndex': 0}), snapShots={}, pendingGreenRefPoolConfig={}&gt;
governance = &lt;contracts/mock/MockRando.vy at 0x064e88f9CD0eF0525f7A125D4396eE93468C7cdD, compiled with vyper-0.4.3+bff19ea2&gt;

    @pytest.base
    def test_get_price_green_single_asset(
        usdc_token, # load alt price
        deployed_green_pool,
        green_token,
        curve_prices,
        governance,
    ):
        # setup
        assert curve_prices.addNewPriceFeed(green_token, deployed_green_pool, sender=governance.address)
        boa.env.time_travel(blocks=curve_prices.actionTimeLock() + 1)
&gt;       assert curve_prices.confirmNewPriceFeed(green_token, sender=governance.address)
E       AssertionError: assert False
E        +  where False = contracts/priceSources/CurvePrices.vy.confirmNewPriceFeed(&lt;contracts/tokens/GreenToken.vy at 0xC6Acb7D16D51f72eAA659668F30A40d87E2E0551, compiled with vyper-0.4.3+bff19ea2&gt;, sender=Address('0x064e88f9CD0eF0525f7A125D4396eE93468C7cdD'))
E        +    where contracts/priceSources/CurvePrices.vy.confirmNewPriceFeed = &lt;contracts/priceSources/CurvePrices.vy at 0xB854c1f42f9ccedB43Ef646c94c2512ecbB05BA1, compiled with vyper-0.4.3+bff19e...'update': 0, 'inDanger': False}), 'numBlocksInDanger': 0, 'nextIndex': 0}), snapShots={}, pendingGreenRefPoolConfig={}&gt;.confirmNewPriceFeed
E        +    and   Address('0x064e88f9CD0eF0525f7A125D4396eE93468C7cdD') = &lt;contracts/mock/MockRando.vy at 0x064e88f9CD0eF0525f7A125D4396eE93468C7cdD, compiled with vyper-0.4.3+bff19ea2&gt;.address

tests/priceSources/curve/test_curve_prices.py:116: AssertionError</failure></testcase><testcase classname="tests.priceSources.curve.test_curve_prices" name="test_add_curve_price_green_lp" time="0.172"><failure message="AssertionError: assert False&#10; +  where False = contracts/priceSources/CurvePrices.vy.confirmNewPriceFeed(Address('0x3CC723aBAa73a0C325752195def5B462051F74d4'), sender=Address('0x064e88f9CD0eF0525f7A125D4396eE93468C7cdD'))&#10; +    where contracts/priceSources/CurvePrices.vy.confirmNewPriceFeed = &lt;contracts/priceSources/CurvePrices.vy at 0xB854c1f42f9ccedB43Ef646c94c2512ecbB05BA1, compiled with vyper-0.4.3+bff19e...'update': 0, 'inDanger': False}), 'numBlocksInDanger': 0, 'nextIndex': 0}), snapShots={}, pendingGreenRefPoolConfig={}&gt;.confirmNewPriceFeed&#10; +    and   Address('0x064e88f9CD0eF0525f7A125D4396eE93468C7cdD') = &lt;contracts/mock/MockRando.vy at 0x064e88f9CD0eF0525f7A125D4396eE93468C7cdD, compiled with vyper-0.4.3+bff19ea2&gt;.address">deployed_green_pool = Address('0x3CC723aBAa73a0C325752195def5B462051F74d4')
curve_prices = &lt;contracts/priceSources/CurvePrices.vy at 0xB854c1f42f9ccedB43Ef646c94c2512ecbB05BA1, compiled with vyper-0.4.3+bff19e...'update': 0, 'inDanger': False}), 'numBlocksInDanger': 0, 'nextIndex': 0}), snapShots={}, pendingGreenRefPoolConfig={}&gt;
governance = &lt;contracts/mock/MockRando.vy at 0x064e88f9CD0eF0525f7A125D4396eE93468C7cdD, compiled with vyper-0.4.3+bff19ea2&gt;
usdc_token = &lt;usdc interface at 0x833589fCD6eDb6E08f4c7C32D4f71b54bdA02913&gt;
green_token = &lt;contracts/tokens/GreenToken.vy at 0xC6Acb7D16D51f72eAA659668F30A40d87E2E0551, compiled with vyper-0.4.3+bff19ea2&gt;
addSeedGreenLiq = &lt;function addSeedGreenLiq.&lt;locals&gt;.addSeedGreenLiq at 0x17446ad40&gt;
mock_price_source = &lt;contracts/mock/MockPriceSource.vy at 0x0757B84433Fc529cC4A4a9829b08AB4B68e9c49C, compiled with vyper-0.4.3+bff19ea2&gt;
&lt;storage: price={}, shouldRevert={}&gt;

    @pytest.base
    def test_add_curve_price_green_lp(
        deployed_green_pool,
        curve_prices,
        governance,
        usdc_token,
        green_token,
        addSeedGreenLiq,
        mock_price_source,
    ):
        addSeedGreenLiq() # need to add liquidity to pool
        mock_price_source.setPrice(green_token, 1 * EIGHTEEN_DECIMALS) # green needs a price

        assert curve_prices.isValidNewFeed(deployed_green_pool, deployed_green_pool)

        # add new price feed
        assert curve_prices.addNewPriceFeed(deployed_green_pool, deployed_green_pool, sender=governance.address)
        boa.env.time_travel(blocks=curve_prices.actionTimeLock() + 1)
&gt;       assert curve_prices.confirmNewPriceFeed(deployed_green_pool, sender=governance.address)
E       AssertionError: assert False
E        +  where False = contracts/priceSources/CurvePrices.vy.confirmNewPriceFeed(Address('0x3CC723aBAa73a0C325752195def5B462051F74d4'), sender=Address('0x064e88f9CD0eF0525f7A125D4396eE93468C7cdD'))
E        +    where contracts/priceSources/CurvePrices.vy.confirmNewPriceFeed = &lt;contracts/priceSources/CurvePrices.vy at 0xB854c1f42f9ccedB43Ef646c94c2512ecbB05BA1, compiled with vyper-0.4.3+bff19e...'update': 0, 'inDanger': False}), 'numBlocksInDanger': 0, 'nextIndex': 0}), snapShots={}, pendingGreenRefPoolConfig={}&gt;.confirmNewPriceFeed
E        +    and   Address('0x064e88f9CD0eF0525f7A125D4396eE93468C7cdD') = &lt;contracts/mock/MockRando.vy at 0x064e88f9CD0eF0525f7A125D4396eE93468C7cdD, compiled with vyper-0.4.3+bff19ea2&gt;.address

tests/priceSources/curve/test_curve_prices.py:140: AssertionError</failure></testcase><testcase classname="tests.priceSources.curve.test_curve_prices" name="test_get_price_green_lp" time="0.114"><failure message="AssertionError: assert False&#10; +  where False = contracts/priceSources/CurvePrices.vy.confirmNewPriceFeed(Address('0x3CC723aBAa73a0C325752195def5B462051F74d4'), sender=Address('0x064e88f9CD0eF0525f7A125D4396eE93468C7cdD'))&#10; +    where contracts/priceSources/CurvePrices.vy.confirmNewPriceFeed = &lt;contracts/priceSources/CurvePrices.vy at 0xB854c1f42f9ccedB43Ef646c94c2512ecbB05BA1, compiled with vyper-0.4.3+bff19e...'update': 0, 'inDanger': False}), 'numBlocksInDanger': 0, 'nextIndex': 0}), snapShots={}, pendingGreenRefPoolConfig={}&gt;.confirmNewPriceFeed&#10; +    and   Address('0x064e88f9CD0eF0525f7A125D4396eE93468C7cdD') = &lt;contracts/mock/MockRando.vy at 0x064e88f9CD0eF0525f7A125D4396eE93468C7cdD, compiled with vyper-0.4.3+bff19ea2&gt;.address">usdc_token = &lt;usdc interface at 0x833589fCD6eDb6E08f4c7C32D4f71b54bdA02913&gt;
deployed_green_pool = Address('0x3CC723aBAa73a0C325752195def5B462051F74d4')
curve_prices = &lt;contracts/priceSources/CurvePrices.vy at 0xB854c1f42f9ccedB43Ef646c94c2512ecbB05BA1, compiled with vyper-0.4.3+bff19e...'update': 0, 'inDanger': False}), 'numBlocksInDanger': 0, 'nextIndex': 0}), snapShots={}, pendingGreenRefPoolConfig={}&gt;
governance = &lt;contracts/mock/MockRando.vy at 0x064e88f9CD0eF0525f7A125D4396eE93468C7cdD, compiled with vyper-0.4.3+bff19ea2&gt;
addSeedGreenLiq = &lt;function addSeedGreenLiq.&lt;locals&gt;.addSeedGreenLiq at 0x17446ad40&gt;
mock_price_source = &lt;contracts/mock/MockPriceSource.vy at 0x0757B84433Fc529cC4A4a9829b08AB4B68e9c49C, compiled with vyper-0.4.3+bff19ea2&gt;
&lt;storage: price={}, shouldRevert={}&gt;
green_token = &lt;contracts/tokens/GreenToken.vy at 0xC6Acb7D16D51f72eAA659668F30A40d87E2E0551, compiled with vyper-0.4.3+bff19ea2&gt;

    @pytest.base
    def test_get_price_green_lp(
        usdc_token, # load alt price
        deployed_green_pool,
        curve_prices,
        governance,
        addSeedGreenLiq,
        mock_price_source,
        green_token,
    ):
        addSeedGreenLiq() # need to add liquidity to pool
        mock_price_source.setPrice(green_token, 1 * EIGHTEEN_DECIMALS) # green needs a price

        # setup
        assert curve_prices.addNewPriceFeed(deployed_green_pool, deployed_green_pool, sender=governance.address)
        boa.env.time_travel(blocks=curve_prices.actionTimeLock() + 1)
&gt;       assert curve_prices.confirmNewPriceFeed(deployed_green_pool, sender=governance.address)
E       AssertionError: assert False
E        +  where False = contracts/priceSources/CurvePrices.vy.confirmNewPriceFeed(Address('0x3CC723aBAa73a0C325752195def5B462051F74d4'), sender=Address('0x064e88f9CD0eF0525f7A125D4396eE93468C7cdD'))
E        +    where contracts/priceSources/CurvePrices.vy.confirmNewPriceFeed = &lt;contracts/priceSources/CurvePrices.vy at 0xB854c1f42f9ccedB43Ef646c94c2512ecbB05BA1, compiled with vyper-0.4.3+bff19e...'update': 0, 'inDanger': False}), 'numBlocksInDanger': 0, 'nextIndex': 0}), snapShots={}, pendingGreenRefPoolConfig={}&gt;.confirmNewPriceFeed
E        +    and   Address('0x064e88f9CD0eF0525f7A125D4396eE93468C7cdD') = &lt;contracts/mock/MockRando.vy at 0x064e88f9CD0eF0525f7A125D4396eE93468C7cdD, compiled with vyper-0.4.3+bff19ea2&gt;.address

tests/priceSources/curve/test_curve_prices.py:175: AssertionError</failure></testcase><testcase classname="tests.priceSources.curve.test_curve_prices" name="test_green_pool_imbalanced" time="0.100"><failure message="AssertionError: assert False&#10; +  where False = contracts/priceSources/CurvePrices.vy.confirmNewPriceFeed(&lt;contracts/tokens/GreenToken.vy at 0xC6Acb7D16D51f72eAA659668F30A40d87E2E0551, compiled with vyper-0.4.3+bff19ea2&gt;, sender=Address('0x064e88f9CD0eF0525f7A125D4396eE93468C7cdD'))&#10; +    where contracts/priceSources/CurvePrices.vy.confirmNewPriceFeed = &lt;contracts/priceSources/CurvePrices.vy at 0xB854c1f42f9ccedB43Ef646c94c2512ecbB05BA1, compiled with vyper-0.4.3+bff19e...'update': 0, 'inDanger': False}), 'numBlocksInDanger': 0, 'nextIndex': 0}), snapShots={}, pendingGreenRefPoolConfig={}&gt;.confirmNewPriceFeed&#10; +    and   Address('0x064e88f9CD0eF0525f7A125D4396eE93468C7cdD') = &lt;contracts/mock/MockRando.vy at 0x064e88f9CD0eF0525f7A125D4396eE93468C7cdD, compiled with vyper-0.4.3+bff19ea2&gt;.address">usdc_token = &lt;usdc interface at 0x833589fCD6eDb6E08f4c7C32D4f71b54bdA02913&gt;
deployed_green_pool = Address('0x3CC723aBAa73a0C325752195def5B462051F74d4')
curve_prices = &lt;contracts/priceSources/CurvePrices.vy at 0xB854c1f42f9ccedB43Ef646c94c2512ecbB05BA1, compiled with vyper-0.4.3+bff19e...'update': 0, 'inDanger': False}), 'numBlocksInDanger': 0, 'nextIndex': 0}), snapShots={}, pendingGreenRefPoolConfig={}&gt;
governance = &lt;contracts/mock/MockRando.vy at 0x064e88f9CD0eF0525f7A125D4396eE93468C7cdD, compiled with vyper-0.4.3+bff19ea2&gt;
addSeedGreenLiq = &lt;function addSeedGreenLiq.&lt;locals&gt;.addSeedGreenLiq at 0x17446ad40&gt;
green_token = &lt;contracts/tokens/GreenToken.vy at 0xC6Acb7D16D51f72eAA659668F30A40d87E2E0551, compiled with vyper-0.4.3+bff19ea2&gt;
_test = &lt;function _test.&lt;locals&gt;._test at 0x14b035440&gt;
bob = Address('0x93f00b06693262b2A06a66F643e38B89FB2A7118')
whale = Address('0xA73d7cddCf77c00827459f986bf828999B58C6Fe')

    @pytest.base
    def test_green_pool_imbalanced(
        usdc_token, # load alt price
        deployed_green_pool,
        curve_prices,
        governance,
        addSeedGreenLiq,
        green_token,
        _test,
        bob,
        whale,
    ):
        addSeedGreenLiq() # need to add liquidity to pool
        green_pool = boa.env.lookup_contract(deployed_green_pool)

        # setup green price
        assert curve_prices.addNewPriceFeed(green_token, green_pool, sender=governance.address)
        boa.env.time_travel(blocks=curve_prices.actionTimeLock() + 1)
&gt;       assert curve_prices.confirmNewPriceFeed(green_token, sender=governance.address)
E       AssertionError: assert False
E        +  where False = contracts/priceSources/CurvePrices.vy.confirmNewPriceFeed(&lt;contracts/tokens/GreenToken.vy at 0xC6Acb7D16D51f72eAA659668F30A40d87E2E0551, compiled with vyper-0.4.3+bff19ea2&gt;, sender=Address('0x064e88f9CD0eF0525f7A125D4396eE93468C7cdD'))
E        +    where contracts/priceSources/CurvePrices.vy.confirmNewPriceFeed = &lt;contracts/priceSources/CurvePrices.vy at 0xB854c1f42f9ccedB43Ef646c94c2512ecbB05BA1, compiled with vyper-0.4.3+bff19e...'update': 0, 'inDanger': False}), 'numBlocksInDanger': 0, 'nextIndex': 0}), snapShots={}, pendingGreenRefPoolConfig={}&gt;.confirmNewPriceFeed
E        +    and   Address('0x064e88f9CD0eF0525f7A125D4396eE93468C7cdD') = &lt;contracts/mock/MockRando.vy at 0x064e88f9CD0eF0525f7A125D4396eE93468C7cdD, compiled with vyper-0.4.3+bff19ea2&gt;.address

tests/priceSources/curve/test_curve_prices.py:199: AssertionError</failure></testcase><testcase classname="tests.priceSources.curve.test_curve_prices" name="test_add_curve_price_ripe_single_asset" time="2.150"><failure message="AssertionError: assert False&#10; +  where False = contracts/priceSources/CurvePrices.vy.confirmNewPriceFeed(&lt;contracts/tokens/RipeToken.vy at 0x78548820b365886d05009F1127bf553603E5A836, compiled with vyper-0.4.3+bff19ea2&gt;, sender=Address('0x064e88f9CD0eF0525f7A125D4396eE93468C7cdD'))&#10; +    where contracts/priceSources/CurvePrices.vy.confirmNewPriceFeed = &lt;contracts/priceSources/CurvePrices.vy at 0xB854c1f42f9ccedB43Ef646c94c2512ecbB05BA1, compiled with vyper-0.4.3+bff19e...'update': 0, 'inDanger': False}), 'numBlocksInDanger': 0, 'nextIndex': 0}), snapShots={}, pendingGreenRefPoolConfig={}&gt;.confirmNewPriceFeed&#10; +    and   Address('0x064e88f9CD0eF0525f7A125D4396eE93468C7cdD') = &lt;contracts/mock/MockRando.vy at 0x064e88f9CD0eF0525f7A125D4396eE93468C7cdD, compiled with vyper-0.4.3+bff19ea2&gt;.address">ripe_token = &lt;contracts/tokens/RipeToken.vy at 0x78548820b365886d05009F1127bf553603E5A836, compiled with vyper-0.4.3+bff19ea2&gt;
deployed_ripe_pool = Address('0x2bfA82Fcc04093250BCc768b6df9D37040931109')
curve_prices = &lt;contracts/priceSources/CurvePrices.vy at 0xB854c1f42f9ccedB43Ef646c94c2512ecbB05BA1, compiled with vyper-0.4.3+bff19e...'update': 0, 'inDanger': False}), 'numBlocksInDanger': 0, 'nextIndex': 0}), snapShots={}, pendingGreenRefPoolConfig={}&gt;
governance = &lt;contracts/mock/MockRando.vy at 0x064e88f9CD0eF0525f7A125D4396eE93468C7cdD, compiled with vyper-0.4.3+bff19ea2&gt;
weth_token = &lt;weth interface at 0x4200000000000000000000000000000000000006&gt;

    @pytest.base
    def test_add_curve_price_ripe_single_asset(
        ripe_token,
        deployed_ripe_pool,
        curve_prices,
        governance,
        weth_token,
    ):
        assert curve_prices.isValidNewFeed(ripe_token, deployed_ripe_pool)

        # add new price feed
        assert curve_prices.addNewPriceFeed(ripe_token, deployed_ripe_pool, sender=governance.address)
        boa.env.time_travel(blocks=curve_prices.actionTimeLock() + 1)
&gt;       assert curve_prices.confirmNewPriceFeed(ripe_token, sender=governance.address)
E       AssertionError: assert False
E        +  where False = contracts/priceSources/CurvePrices.vy.confirmNewPriceFeed(&lt;contracts/tokens/RipeToken.vy at 0x78548820b365886d05009F1127bf553603E5A836, compiled with vyper-0.4.3+bff19ea2&gt;, sender=Address('0x064e88f9CD0eF0525f7A125D4396eE93468C7cdD'))
E        +    where contracts/priceSources/CurvePrices.vy.confirmNewPriceFeed = &lt;contracts/priceSources/CurvePrices.vy at 0xB854c1f42f9ccedB43Ef646c94c2512ecbB05BA1, compiled with vyper-0.4.3+bff19e...'update': 0, 'inDanger': False}), 'numBlocksInDanger': 0, 'nextIndex': 0}), snapShots={}, pendingGreenRefPoolConfig={}&gt;.confirmNewPriceFeed
E        +    and   Address('0x064e88f9CD0eF0525f7A125D4396eE93468C7cdD') = &lt;contracts/mock/MockRando.vy at 0x064e88f9CD0eF0525f7A125D4396eE93468C7cdD, compiled with vyper-0.4.3+bff19ea2&gt;.address

tests/priceSources/curve/test_curve_prices.py:302: AssertionError</failure></testcase><testcase classname="tests.priceSources.curve.test_curve_prices" name="test_get_price_ripe_single_asset" time="0.069"><failure message="AssertionError: assert False&#10; +  where False = contracts/priceSources/CurvePrices.vy.confirmNewPriceFeed(&lt;contracts/tokens/RipeToken.vy at 0x78548820b365886d05009F1127bf553603E5A836, compiled with vyper-0.4.3+bff19ea2&gt;, sender=Address('0x064e88f9CD0eF0525f7A125D4396eE93468C7cdD'))&#10; +    where contracts/priceSources/CurvePrices.vy.confirmNewPriceFeed = &lt;contracts/priceSources/CurvePrices.vy at 0xB854c1f42f9ccedB43Ef646c94c2512ecbB05BA1, compiled with vyper-0.4.3+bff19e...'update': 0, 'inDanger': False}), 'numBlocksInDanger': 0, 'nextIndex': 0}), snapShots={}, pendingGreenRefPoolConfig={}&gt;.confirmNewPriceFeed&#10; +    and   Address('0x064e88f9CD0eF0525f7A125D4396eE93468C7cdD') = &lt;contracts/mock/MockRando.vy at 0x064e88f9CD0eF0525f7A125D4396eE93468C7cdD, compiled with vyper-0.4.3+bff19ea2&gt;.address">weth_token = &lt;weth interface at 0x4200000000000000000000000000000000000006&gt;
deployed_ripe_pool = Address('0x2bfA82Fcc04093250BCc768b6df9D37040931109')
ripe_token = &lt;contracts/tokens/RipeToken.vy at 0x78548820b365886d05009F1127bf553603E5A836, compiled with vyper-0.4.3+bff19ea2&gt;
curve_prices = &lt;contracts/priceSources/CurvePrices.vy at 0xB854c1f42f9ccedB43Ef646c94c2512ecbB05BA1, compiled with vyper-0.4.3+bff19e...'update': 0, 'inDanger': False}), 'numBlocksInDanger': 0, 'nextIndex': 0}), snapShots={}, pendingGreenRefPoolConfig={}&gt;
governance = &lt;contracts/mock/MockRando.vy at 0x064e88f9CD0eF0525f7A125D4396eE93468C7cdD, compiled with vyper-0.4.3+bff19ea2&gt;

    @pytest.base
    def test_get_price_ripe_single_asset(
        weth_token, # load alt price
        deployed_ripe_pool,
        ripe_token,
        curve_prices,
        governance,
    ):
        # setup
        assert curve_prices.addNewPriceFeed(ripe_token, deployed_ripe_pool, sender=governance.address)
        boa.env.time_travel(blocks=curve_prices.actionTimeLock() + 1)
&gt;       assert curve_prices.confirmNewPriceFeed(ripe_token, sender=governance.address)
E       AssertionError: assert False
E        +  where False = contracts/priceSources/CurvePrices.vy.confirmNewPriceFeed(&lt;contracts/tokens/RipeToken.vy at 0x78548820b365886d05009F1127bf553603E5A836, compiled with vyper-0.4.3+bff19ea2&gt;, sender=Address('0x064e88f9CD0eF0525f7A125D4396eE93468C7cdD'))
E        +    where contracts/priceSources/CurvePrices.vy.confirmNewPriceFeed = &lt;contracts/priceSources/CurvePrices.vy at 0xB854c1f42f9ccedB43Ef646c94c2512ecbB05BA1, compiled with vyper-0.4.3+bff19e...'update': 0, 'inDanger': False}), 'numBlocksInDanger': 0, 'nextIndex': 0}), snapShots={}, pendingGreenRefPoolConfig={}&gt;.confirmNewPriceFeed
E        +    and   Address('0x064e88f9CD0eF0525f7A125D4396eE93468C7cdD') = &lt;contracts/mock/MockRando.vy at 0x064e88f9CD0eF0525f7A125D4396eE93468C7cdD, compiled with vyper-0.4.3+bff19ea2&gt;.address

tests/priceSources/curve/test_curve_prices.py:332: AssertionError</failure></testcase><testcase classname="tests.priceSources.curve.test_curve_prices" name="test_add_curve_price_ripe_lp" time="0.145"><failure message="AssertionError: assert False&#10; +  where False = contracts/priceSources/CurvePrices.vy.confirmNewPriceFeed(Address('0x2bfA82Fcc04093250BCc768b6df9D37040931109'), sender=Address('0x064e88f9CD0eF0525f7A125D4396eE93468C7cdD'))&#10; +    where contracts/priceSources/CurvePrices.vy.confirmNewPriceFeed = &lt;contracts/priceSources/CurvePrices.vy at 0xB854c1f42f9ccedB43Ef646c94c2512ecbB05BA1, compiled with vyper-0.4.3+bff19e...'update': 0, 'inDanger': False}), 'numBlocksInDanger': 0, 'nextIndex': 0}), snapShots={}, pendingGreenRefPoolConfig={}&gt;.confirmNewPriceFeed&#10; +    and   Address('0x064e88f9CD0eF0525f7A125D4396eE93468C7cdD') = &lt;contracts/mock/MockRando.vy at 0x064e88f9CD0eF0525f7A125D4396eE93468C7cdD, compiled with vyper-0.4.3+bff19ea2&gt;.address">deployed_ripe_pool = Address('0x2bfA82Fcc04093250BCc768b6df9D37040931109')
curve_prices = &lt;contracts/priceSources/CurvePrices.vy at 0xB854c1f42f9ccedB43Ef646c94c2512ecbB05BA1, compiled with vyper-0.4.3+bff19e...'update': 0, 'inDanger': False}), 'numBlocksInDanger': 0, 'nextIndex': 0}), snapShots={}, pendingGreenRefPoolConfig={}&gt;
governance = &lt;contracts/mock/MockRando.vy at 0x064e88f9CD0eF0525f7A125D4396eE93468C7cdD, compiled with vyper-0.4.3+bff19ea2&gt;
weth_token = &lt;weth interface at 0x4200000000000000000000000000000000000006&gt;
ripe_token = &lt;contracts/tokens/RipeToken.vy at 0x78548820b365886d05009F1127bf553603E5A836, compiled with vyper-0.4.3+bff19ea2&gt;
addSeedRipeLiq = &lt;function addSeedRipeLiq.&lt;locals&gt;.addSeedRipeLiq at 0x17446ba60&gt;

    @pytest.base
    def test_add_curve_price_ripe_lp(
        deployed_ripe_pool,
        curve_prices,
        governance,
        weth_token,
        ripe_token,
        addSeedRipeLiq,
    ):
        addSeedRipeLiq() # need to add liquidity to pool

        assert curve_prices.isValidNewFeed(deployed_ripe_pool, deployed_ripe_pool)

        # add new price feed
        assert curve_prices.addNewPriceFeed(deployed_ripe_pool, deployed_ripe_pool, sender=governance.address)
        boa.env.time_travel(blocks=curve_prices.actionTimeLock() + 1)
&gt;       assert curve_prices.confirmNewPriceFeed(deployed_ripe_pool, sender=governance.address)
E       AssertionError: assert False
E        +  where False = contracts/priceSources/CurvePrices.vy.confirmNewPriceFeed(Address('0x2bfA82Fcc04093250BCc768b6df9D37040931109'), sender=Address('0x064e88f9CD0eF0525f7A125D4396eE93468C7cdD'))
E        +    where contracts/priceSources/CurvePrices.vy.confirmNewPriceFeed = &lt;contracts/priceSources/CurvePrices.vy at 0xB854c1f42f9ccedB43Ef646c94c2512ecbB05BA1, compiled with vyper-0.4.3+bff19e...'update': 0, 'inDanger': False}), 'numBlocksInDanger': 0, 'nextIndex': 0}), snapShots={}, pendingGreenRefPoolConfig={}&gt;.confirmNewPriceFeed
E        +    and   Address('0x064e88f9CD0eF0525f7A125D4396eE93468C7cdD') = &lt;contracts/mock/MockRando.vy at 0x064e88f9CD0eF0525f7A125D4396eE93468C7cdD, compiled with vyper-0.4.3+bff19ea2&gt;.address

tests/priceSources/curve/test_curve_prices.py:354: AssertionError</failure></testcase><testcase classname="tests.priceSources.curve.test_curve_prices" name="test_get_price_ripe_lp" time="0.101"><failure message="AssertionError: assert False&#10; +  where False = contracts/priceSources/CurvePrices.vy.confirmNewPriceFeed(Address('0x2bfA82Fcc04093250BCc768b6df9D37040931109'), sender=Address('0x064e88f9CD0eF0525f7A125D4396eE93468C7cdD'))&#10; +    where contracts/priceSources/CurvePrices.vy.confirmNewPriceFeed = &lt;contracts/priceSources/CurvePrices.vy at 0xB854c1f42f9ccedB43Ef646c94c2512ecbB05BA1, compiled with vyper-0.4.3+bff19e...'update': 0, 'inDanger': False}), 'numBlocksInDanger': 0, 'nextIndex': 0}), snapShots={}, pendingGreenRefPoolConfig={}&gt;.confirmNewPriceFeed&#10; +    and   Address('0x064e88f9CD0eF0525f7A125D4396eE93468C7cdD') = &lt;contracts/mock/MockRando.vy at 0x064e88f9CD0eF0525f7A125D4396eE93468C7cdD, compiled with vyper-0.4.3+bff19ea2&gt;.address">weth_token = &lt;weth interface at 0x4200000000000000000000000000000000000006&gt;
deployed_ripe_pool = Address('0x2bfA82Fcc04093250BCc768b6df9D37040931109')
curve_prices = &lt;contracts/priceSources/CurvePrices.vy at 0xB854c1f42f9ccedB43Ef646c94c2512ecbB05BA1, compiled with vyper-0.4.3+bff19e...'update': 0, 'inDanger': False}), 'numBlocksInDanger': 0, 'nextIndex': 0}), snapShots={}, pendingGreenRefPoolConfig={}&gt;
governance = &lt;contracts/mock/MockRando.vy at 0x064e88f9CD0eF0525f7A125D4396eE93468C7cdD, compiled with vyper-0.4.3+bff19ea2&gt;
addSeedRipeLiq = &lt;function addSeedRipeLiq.&lt;locals&gt;.addSeedRipeLiq at 0x17446ba60&gt;

    @pytest.base
    def test_get_price_ripe_lp(
        weth_token, # load alt price
        deployed_ripe_pool,
        curve_prices,
        governance,
        addSeedRipeLiq,
    ):
        addSeedRipeLiq() # need to add liquidity to pool

        # setup
        assert curve_prices.addNewPriceFeed(deployed_ripe_pool, deployed_ripe_pool, sender=governance.address)
        boa.env.time_travel(blocks=curve_prices.actionTimeLock() + 1)
&gt;       assert curve_prices.confirmNewPriceFeed(deployed_ripe_pool, sender=governance.address)
E       AssertionError: assert False
E        +  where False = contracts/priceSources/CurvePrices.vy.confirmNewPriceFeed(Address('0x2bfA82Fcc04093250BCc768b6df9D37040931109'), sender=Address('0x064e88f9CD0eF0525f7A125D4396eE93468C7cdD'))
E        +    where contracts/priceSources/CurvePrices.vy.confirmNewPriceFeed = &lt;contracts/priceSources/CurvePrices.vy at 0xB854c1f42f9ccedB43Ef646c94c2512ecbB05BA1, compiled with vyper-0.4.3+bff19e...'update': 0, 'inDanger': False}), 'numBlocksInDanger': 0, 'nextIndex': 0}), snapShots={}, pendingGreenRefPoolConfig={}&gt;.confirmNewPriceFeed
E        +    and   Address('0x064e88f9CD0eF0525f7A125D4396eE93468C7cdD') = &lt;contracts/mock/MockRando.vy at 0x064e88f9CD0eF0525f7A125D4396eE93468C7cdD, compiled with vyper-0.4.3+bff19ea2&gt;.address

tests/priceSources/curve/test_curve_prices.py:386: AssertionError</failure></testcase><testcase classname="tests.priceSources.curve.test_curve_prices" name="test_ripe_pool_imbalanced" time="0.099"><failure message="AssertionError: assert False&#10; +  where False = contracts/priceSources/CurvePrices.vy.confirmNewPriceFeed(&lt;contracts/tokens/RipeToken.vy at 0x78548820b365886d05009F1127bf553603E5A836, compiled with vyper-0.4.3+bff19ea2&gt;, sender=Address('0x064e88f9CD0eF0525f7A125D4396eE93468C7cdD'))&#10; +    where contracts/priceSources/CurvePrices.vy.confirmNewPriceFeed = &lt;contracts/priceSources/CurvePrices.vy at 0xB854c1f42f9ccedB43Ef646c94c2512ecbB05BA1, compiled with vyper-0.4.3+bff19e...'update': 0, 'inDanger': False}), 'numBlocksInDanger': 0, 'nextIndex': 0}), snapShots={}, pendingGreenRefPoolConfig={}&gt;.confirmNewPriceFeed&#10; +    and   Address('0x064e88f9CD0eF0525f7A125D4396eE93468C7cdD') = &lt;contracts/mock/MockRando.vy at 0x064e88f9CD0eF0525f7A125D4396eE93468C7cdD, compiled with vyper-0.4.3+bff19ea2&gt;.address">weth_token = &lt;weth interface at 0x4200000000000000000000000000000000000006&gt;
deployed_ripe_pool = Address('0x2bfA82Fcc04093250BCc768b6df9D37040931109')
curve_prices = &lt;contracts/priceSources/CurvePrices.vy at 0xB854c1f42f9ccedB43Ef646c94c2512ecbB05BA1, compiled with vyper-0.4.3+bff19e...'update': 0, 'inDanger': False}), 'numBlocksInDanger': 0, 'nextIndex': 0}), snapShots={}, pendingGreenRefPoolConfig={}&gt;
governance = &lt;contracts/mock/MockRando.vy at 0x064e88f9CD0eF0525f7A125D4396eE93468C7cdD, compiled with vyper-0.4.3+bff19ea2&gt;
addSeedRipeLiq = &lt;function addSeedRipeLiq.&lt;locals&gt;.addSeedRipeLiq at 0x17446ba60&gt;
ripe_token = &lt;contracts/tokens/RipeToken.vy at 0x78548820b365886d05009F1127bf553603E5A836, compiled with vyper-0.4.3+bff19ea2&gt;
bob = Address('0x93f00b06693262b2A06a66F643e38B89FB2A7118')
whale = Address('0xA73d7cddCf77c00827459f986bf828999B58C6Fe')
price_desk = &lt;contracts/registries/PriceDesk.vy at 0x10761621062878CEdEfEb54dFFfb5fde5187bbB7, compiled with vyper-0.4.3+bff19ea2&gt;

    @pytest.base
    def test_ripe_pool_imbalanced(
        weth_token, # load alt price
        deployed_ripe_pool,
        curve_prices,
        governance,
        addSeedRipeLiq,
        ripe_token,
        bob,
        whale,
        price_desk,
    ):
        addSeedRipeLiq() # need to add liquidity to pool
        ripe_pool = boa.env.lookup_contract(deployed_ripe_pool)

        # setup ripe price
        assert curve_prices.addNewPriceFeed(ripe_token, ripe_pool, sender=governance.address)
        boa.env.time_travel(blocks=curve_prices.actionTimeLock() + 1)
&gt;       assert curve_prices.confirmNewPriceFeed(ripe_token, sender=governance.address)
E       AssertionError: assert False
E        +  where False = contracts/priceSources/CurvePrices.vy.confirmNewPriceFeed(&lt;contracts/tokens/RipeToken.vy at 0x78548820b365886d05009F1127bf553603E5A836, compiled with vyper-0.4.3+bff19ea2&gt;, sender=Address('0x064e88f9CD0eF0525f7A125D4396eE93468C7cdD'))
E        +    where contracts/priceSources/CurvePrices.vy.confirmNewPriceFeed = &lt;contracts/priceSources/CurvePrices.vy at 0xB854c1f42f9ccedB43Ef646c94c2512ecbB05BA1, compiled with vyper-0.4.3+bff19e...'update': 0, 'inDanger': False}), 'numBlocksInDanger': 0, 'nextIndex': 0}), snapShots={}, pendingGreenRefPoolConfig={}&gt;.confirmNewPriceFeed
E        +    and   Address('0x064e88f9CD0eF0525f7A125D4396eE93468C7cdD') = &lt;contracts/mock/MockRando.vy at 0x064e88f9CD0eF0525f7A125D4396eE93468C7cdD, compiled with vyper-0.4.3+bff19ea2&gt;.address

tests/priceSources/curve/test_curve_prices.py:410: AssertionError</failure></testcase><testcase classname="tests.priceSources.curve.test_curve_prices" name="test_add_curve_price_stable_ng" time="1.947"><failure message="AssertionError: assert False&#10; +  where False = contracts/priceSources/CurvePrices.vy.confirmNewPriceFeed(&lt;scrvusd interface at 0x646A737B9B6024e49f5908762B3fF73e65B5160c&gt;, sender=Address('0x064e88f9CD0eF0525f7A125D4396eE93468C7cdD'))&#10; +    where contracts/priceSources/CurvePrices.vy.confirmNewPriceFeed = &lt;contracts/priceSources/CurvePrices.vy at 0xB854c1f42f9ccedB43Ef646c94c2512ecbB05BA1, compiled with vyper-0.4.3+bff19e...'update': 0, 'inDanger': False}), 'numBlocksInDanger': 0, 'nextIndex': 0}), snapShots={}, pendingGreenRefPoolConfig={}&gt;.confirmNewPriceFeed&#10; +    and   Address('0x064e88f9CD0eF0525f7A125D4396eE93468C7cdD') = &lt;contracts/mock/MockRando.vy at 0x064e88f9CD0eF0525f7A125D4396eE93468C7cdD, compiled with vyper-0.4.3+bff19ea2&gt;.address">usdc_token = &lt;usdc interface at 0x833589fCD6eDb6E08f4c7C32D4f71b54bdA02913&gt;
base_usdc_scrvusd_pool = &lt;base_usdc_scrvusd_pool interface at 0x5aB01ee6208596f2204B85bDFA39d34c2aDD98F6&gt;
scrvusd_token = &lt;scrvusd interface at 0x646A737B9B6024e49f5908762B3fF73e65B5160c&gt;
curve_prices = &lt;contracts/priceSources/CurvePrices.vy at 0xB854c1f42f9ccedB43Ef646c94c2512ecbB05BA1, compiled with vyper-0.4.3+bff19e...'update': 0, 'inDanger': False}), 'numBlocksInDanger': 0, 'nextIndex': 0}), snapShots={}, pendingGreenRefPoolConfig={}&gt;
governance = &lt;contracts/mock/MockRando.vy at 0x064e88f9CD0eF0525f7A125D4396eE93468C7cdD, compiled with vyper-0.4.3+bff19ea2&gt;

    @pytest.base
    def test_add_curve_price_stable_ng(
        usdc_token,
        base_usdc_scrvusd_pool,
        scrvusd_token,
        curve_prices,
        governance,
    ):
        assert curve_prices.isValidNewFeed(scrvusd_token, base_usdc_scrvusd_pool)

        # add new price feed
        assert curve_prices.addNewPriceFeed(scrvusd_token, base_usdc_scrvusd_pool, sender=governance.address)
        boa.env.time_travel(blocks=curve_prices.actionTimeLock() + 1)
&gt;       assert curve_prices.confirmNewPriceFeed(scrvusd_token, sender=governance.address)
E       AssertionError: assert False
E        +  where False = contracts/priceSources/CurvePrices.vy.confirmNewPriceFeed(&lt;scrvusd interface at 0x646A737B9B6024e49f5908762B3fF73e65B5160c&gt;, sender=Address('0x064e88f9CD0eF0525f7A125D4396eE93468C7cdD'))
E        +    where contracts/priceSources/CurvePrices.vy.confirmNewPriceFeed = &lt;contracts/priceSources/CurvePrices.vy at 0xB854c1f42f9ccedB43Ef646c94c2512ecbB05BA1, compiled with vyper-0.4.3+bff19e...'update': 0, 'inDanger': False}), 'numBlocksInDanger': 0, 'nextIndex': 0}), snapShots={}, pendingGreenRefPoolConfig={}&gt;.confirmNewPriceFeed
E        +    and   Address('0x064e88f9CD0eF0525f7A125D4396eE93468C7cdD') = &lt;contracts/mock/MockRando.vy at 0x064e88f9CD0eF0525f7A125D4396eE93468C7cdD, compiled with vyper-0.4.3+bff19ea2&gt;.address

tests/priceSources/curve/test_curve_prices.py:476: AssertionError</failure></testcase><testcase classname="tests.priceSources.curve.test_curve_prices" name="test_get_price_stable_ng" time="0.074"><failure message="AssertionError: assert False&#10; +  where False = contracts/priceSources/CurvePrices.vy.confirmNewPriceFeed(&lt;scrvusd interface at 0x646A737B9B6024e49f5908762B3fF73e65B5160c&gt;, sender=Address('0x064e88f9CD0eF0525f7A125D4396eE93468C7cdD'))&#10; +    where contracts/priceSources/CurvePrices.vy.confirmNewPriceFeed = &lt;contracts/priceSources/CurvePrices.vy at 0xB854c1f42f9ccedB43Ef646c94c2512ecbB05BA1, compiled with vyper-0.4.3+bff19e...'update': 0, 'inDanger': False}), 'numBlocksInDanger': 0, 'nextIndex': 0}), snapShots={}, pendingGreenRefPoolConfig={}&gt;.confirmNewPriceFeed&#10; +    and   Address('0x064e88f9CD0eF0525f7A125D4396eE93468C7cdD') = &lt;contracts/mock/MockRando.vy at 0x064e88f9CD0eF0525f7A125D4396eE93468C7cdD, compiled with vyper-0.4.3+bff19ea2&gt;.address">usdc_token = &lt;usdc interface at 0x833589fCD6eDb6E08f4c7C32D4f71b54bdA02913&gt;
base_usdc_scrvusd_pool = &lt;base_usdc_scrvusd_pool interface at 0x5aB01ee6208596f2204B85bDFA39d34c2aDD98F6&gt;
scrvusd_token = &lt;scrvusd interface at 0x646A737B9B6024e49f5908762B3fF73e65B5160c&gt;
curve_prices = &lt;contracts/priceSources/CurvePrices.vy at 0xB854c1f42f9ccedB43Ef646c94c2512ecbB05BA1, compiled with vyper-0.4.3+bff19e...'update': 0, 'inDanger': False}), 'numBlocksInDanger': 0, 'nextIndex': 0}), snapShots={}, pendingGreenRefPoolConfig={}&gt;
governance = &lt;contracts/mock/MockRando.vy at 0x064e88f9CD0eF0525f7A125D4396eE93468C7cdD, compiled with vyper-0.4.3+bff19ea2&gt;

    @pytest.base
    def test_get_price_stable_ng(
        usdc_token, # load alt price
        base_usdc_scrvusd_pool,
        scrvusd_token,
        curve_prices,
        governance,
    ):
        # setup
        assert curve_prices.addNewPriceFeed(scrvusd_token, base_usdc_scrvusd_pool, sender=governance.address)
        boa.env.time_travel(blocks=curve_prices.actionTimeLock() + 1)
&gt;       assert curve_prices.confirmNewPriceFeed(scrvusd_token, sender=governance.address)
E       AssertionError: assert False
E        +  where False = contracts/priceSources/CurvePrices.vy.confirmNewPriceFeed(&lt;scrvusd interface at 0x646A737B9B6024e49f5908762B3fF73e65B5160c&gt;, sender=Address('0x064e88f9CD0eF0525f7A125D4396eE93468C7cdD'))
E        +    where contracts/priceSources/CurvePrices.vy.confirmNewPriceFeed = &lt;contracts/priceSources/CurvePrices.vy at 0xB854c1f42f9ccedB43Ef646c94c2512ecbB05BA1, compiled with vyper-0.4.3+bff19e...'update': 0, 'inDanger': False}), 'numBlocksInDanger': 0, 'nextIndex': 0}), snapShots={}, pendingGreenRefPoolConfig={}&gt;.confirmNewPriceFeed
E        +    and   Address('0x064e88f9CD0eF0525f7A125D4396eE93468C7cdD') = &lt;contracts/mock/MockRando.vy at 0x064e88f9CD0eF0525f7A125D4396eE93468C7cdD, compiled with vyper-0.4.3+bff19ea2&gt;.address

tests/priceSources/curve/test_curve_prices.py:506: AssertionError</failure></testcase><testcase classname="tests.priceSources.curve.test_curve_prices" name="test_add_curve_price_two_crypto" time="1.410"><failure message="AssertionError: assert False&#10; +  where False = contracts/priceSources/CurvePrices.vy.confirmNewPriceFeed(&lt;cbeth interface at 0x2Ae3F1Ec7F1F5012CFEab0185bfc7aa3cf0DEc22&gt;, sender=Address('0x064e88f9CD0eF0525f7A125D4396eE93468C7cdD'))&#10; +    where contracts/priceSources/CurvePrices.vy.confirmNewPriceFeed = &lt;contracts/priceSources/CurvePrices.vy at 0xB854c1f42f9ccedB43Ef646c94c2512ecbB05BA1, compiled with vyper-0.4.3+bff19e...'update': 0, 'inDanger': False}), 'numBlocksInDanger': 0, 'nextIndex': 0}), snapShots={}, pendingGreenRefPoolConfig={}&gt;.confirmNewPriceFeed&#10; +    and   Address('0x064e88f9CD0eF0525f7A125D4396eE93468C7cdD') = &lt;contracts/mock/MockRando.vy at 0x064e88f9CD0eF0525f7A125D4396eE93468C7cdD, compiled with vyper-0.4.3+bff19ea2&gt;.address">weth_token = &lt;weth interface at 0x4200000000000000000000000000000000000006&gt;
cbeth_token = &lt;cbeth interface at 0x2Ae3F1Ec7F1F5012CFEab0185bfc7aa3cf0DEc22&gt;
base_cbeth_weth_pool = &lt;base_cbeth_weth_pool interface at 0x11C1fBd4b3De66bC0565779b35171a6CF3E71f59&gt;
curve_prices = &lt;contracts/priceSources/CurvePrices.vy at 0xB854c1f42f9ccedB43Ef646c94c2512ecbB05BA1, compiled with vyper-0.4.3+bff19e...'update': 0, 'inDanger': False}), 'numBlocksInDanger': 0, 'nextIndex': 0}), snapShots={}, pendingGreenRefPoolConfig={}&gt;
governance = &lt;contracts/mock/MockRando.vy at 0x064e88f9CD0eF0525f7A125D4396eE93468C7cdD, compiled with vyper-0.4.3+bff19ea2&gt;

    @pytest.base
    def test_add_curve_price_two_crypto(
        weth_token,
        cbeth_token,
        base_cbeth_weth_pool,
        curve_prices,
        governance,
    ):
        assert curve_prices.isValidNewFeed(cbeth_token, base_cbeth_weth_pool)

        # add new price feed
        assert curve_prices.addNewPriceFeed(cbeth_token, base_cbeth_weth_pool, sender=governance.address)
        boa.env.time_travel(blocks=curve_prices.actionTimeLock() + 1)
&gt;       assert curve_prices.confirmNewPriceFeed(cbeth_token, sender=governance.address)
E       AssertionError: assert False
E        +  where False = contracts/priceSources/CurvePrices.vy.confirmNewPriceFeed(&lt;cbeth interface at 0x2Ae3F1Ec7F1F5012CFEab0185bfc7aa3cf0DEc22&gt;, sender=Address('0x064e88f9CD0eF0525f7A125D4396eE93468C7cdD'))
E        +    where contracts/priceSources/CurvePrices.vy.confirmNewPriceFeed = &lt;contracts/priceSources/CurvePrices.vy at 0xB854c1f42f9ccedB43Ef646c94c2512ecbB05BA1, compiled with vyper-0.4.3+bff19e...'update': 0, 'inDanger': False}), 'numBlocksInDanger': 0, 'nextIndex': 0}), snapShots={}, pendingGreenRefPoolConfig={}&gt;.confirmNewPriceFeed
E        +    and   Address('0x064e88f9CD0eF0525f7A125D4396eE93468C7cdD') = &lt;contracts/mock/MockRando.vy at 0x064e88f9CD0eF0525f7A125D4396eE93468C7cdD, compiled with vyper-0.4.3+bff19ea2&gt;.address

tests/priceSources/curve/test_curve_prices.py:544: AssertionError</failure></testcase><testcase classname="tests.priceSources.curve.test_curve_prices" name="test_get_price_two_crypto" time="0.078"><failure message="AssertionError: assert False&#10; +  where False = contracts/priceSources/CurvePrices.vy.confirmNewPriceFeed(&lt;cbeth interface at 0x2Ae3F1Ec7F1F5012CFEab0185bfc7aa3cf0DEc22&gt;, sender=Address('0x064e88f9CD0eF0525f7A125D4396eE93468C7cdD'))&#10; +    where contracts/priceSources/CurvePrices.vy.confirmNewPriceFeed = &lt;contracts/priceSources/CurvePrices.vy at 0xB854c1f42f9ccedB43Ef646c94c2512ecbB05BA1, compiled with vyper-0.4.3+bff19e...'update': 0, 'inDanger': False}), 'numBlocksInDanger': 0, 'nextIndex': 0}), snapShots={}, pendingGreenRefPoolConfig={}&gt;.confirmNewPriceFeed&#10; +    and   Address('0x064e88f9CD0eF0525f7A125D4396eE93468C7cdD') = &lt;contracts/mock/MockRando.vy at 0x064e88f9CD0eF0525f7A125D4396eE93468C7cdD, compiled with vyper-0.4.3+bff19ea2&gt;.address">weth_token = &lt;weth interface at 0x4200000000000000000000000000000000000006&gt;
base_cbeth_weth_pool = &lt;base_cbeth_weth_pool interface at 0x11C1fBd4b3De66bC0565779b35171a6CF3E71f59&gt;
cbeth_token = &lt;cbeth interface at 0x2Ae3F1Ec7F1F5012CFEab0185bfc7aa3cf0DEc22&gt;
curve_prices = &lt;contracts/priceSources/CurvePrices.vy at 0xB854c1f42f9ccedB43Ef646c94c2512ecbB05BA1, compiled with vyper-0.4.3+bff19e...'update': 0, 'inDanger': False}), 'numBlocksInDanger': 0, 'nextIndex': 0}), snapShots={}, pendingGreenRefPoolConfig={}&gt;
governance = &lt;contracts/mock/MockRando.vy at 0x064e88f9CD0eF0525f7A125D4396eE93468C7cdD, compiled with vyper-0.4.3+bff19ea2&gt;
chainlink = &lt;contracts/priceSources/ChainlinkPrices.vy at 0x2E5CcDbd412588ceE58516Fa732658CEF7944233, compiled with vyper-0.4.3+bf...000000000000000000000000000000000', 'decimals': 0, 'needsEthToUsd': False, 'needsBtcToUsd': False, 'staleTime': 0})})}&gt;
_test = &lt;function _test.&lt;locals&gt;._test at 0x14b035440&gt;

    @pytest.base
    def test_get_price_two_crypto(
        weth_token, # load alt price
        base_cbeth_weth_pool,
        cbeth_token,
        curve_prices,
        governance,
        chainlink,
        _test,
    ):
        # setup
        assert curve_prices.addNewPriceFeed(cbeth_token, base_cbeth_weth_pool, sender=governance.address)
        boa.env.time_travel(blocks=curve_prices.actionTimeLock() + 1)
&gt;       assert curve_prices.confirmNewPriceFeed(cbeth_token, sender=governance.address)
E       AssertionError: assert False
E        +  where False = contracts/priceSources/CurvePrices.vy.confirmNewPriceFeed(&lt;cbeth interface at 0x2Ae3F1Ec7F1F5012CFEab0185bfc7aa3cf0DEc22&gt;, sender=Address('0x064e88f9CD0eF0525f7A125D4396eE93468C7cdD'))
E        +    where contracts/priceSources/CurvePrices.vy.confirmNewPriceFeed = &lt;contracts/priceSources/CurvePrices.vy at 0xB854c1f42f9ccedB43Ef646c94c2512ecbB05BA1, compiled with vyper-0.4.3+bff19e...'update': 0, 'inDanger': False}), 'numBlocksInDanger': 0, 'nextIndex': 0}), snapShots={}, pendingGreenRefPoolConfig={}&gt;.confirmNewPriceFeed
E        +    and   Address('0x064e88f9CD0eF0525f7A125D4396eE93468C7cdD') = &lt;contracts/mock/MockRando.vy at 0x064e88f9CD0eF0525f7A125D4396eE93468C7cdD, compiled with vyper-0.4.3+bff19ea2&gt;.address

tests/priceSources/curve/test_curve_prices.py:576: AssertionError</failure></testcase><testcase classname="tests.priceSources.curve.test_curve_prices" name="test_add_curve_price_two_crypto_ng" time="1.531"><failure message="AssertionError: assert False&#10; +  where False = contracts/priceSources/CurvePrices.vy.confirmNewPriceFeed(&lt;frok interface at 0x42069BAbe14fB1802C5CB0F50BB9D2Ad6FEf55e2&gt;, sender=Address('0x064e88f9CD0eF0525f7A125D4396eE93468C7cdD'))&#10; +    where contracts/priceSources/CurvePrices.vy.confirmNewPriceFeed = &lt;contracts/priceSources/CurvePrices.vy at 0xB854c1f42f9ccedB43Ef646c94c2512ecbB05BA1, compiled with vyper-0.4.3+bff19e...'update': 0, 'inDanger': False}), 'numBlocksInDanger': 0, 'nextIndex': 0}), snapShots={}, pendingGreenRefPoolConfig={}&gt;.confirmNewPriceFeed&#10; +    and   Address('0x064e88f9CD0eF0525f7A125D4396eE93468C7cdD') = &lt;contracts/mock/MockRando.vy at 0x064e88f9CD0eF0525f7A125D4396eE93468C7cdD, compiled with vyper-0.4.3+bff19ea2&gt;.address">weth_token = &lt;weth interface at 0x4200000000000000000000000000000000000006&gt;
frok_token = &lt;frok interface at 0x42069BAbe14fB1802C5CB0F50BB9D2Ad6FEf55e2&gt;
base_frok_weth_pool = &lt;base_frok_weth_pool interface at 0xa0D3911349e701A1F49C1Ba2dDA34b4ce9636569&gt;
curve_prices = &lt;contracts/priceSources/CurvePrices.vy at 0xB854c1f42f9ccedB43Ef646c94c2512ecbB05BA1, compiled with vyper-0.4.3+bff19e...'update': 0, 'inDanger': False}), 'numBlocksInDanger': 0, 'nextIndex': 0}), snapShots={}, pendingGreenRefPoolConfig={}&gt;
governance = &lt;contracts/mock/MockRando.vy at 0x064e88f9CD0eF0525f7A125D4396eE93468C7cdD, compiled with vyper-0.4.3+bff19ea2&gt;

    @pytest.base
    def test_add_curve_price_two_crypto_ng(
        weth_token,
        frok_token,
        base_frok_weth_pool,
        curve_prices,
        governance,
    ):
        assert curve_prices.isValidNewFeed(frok_token, base_frok_weth_pool)

        # add new price feed
        assert curve_prices.addNewPriceFeed(frok_token, base_frok_weth_pool, sender=governance.address)
        boa.env.time_travel(blocks=curve_prices.actionTimeLock() + 1)
&gt;       assert curve_prices.confirmNewPriceFeed(frok_token, sender=governance.address)
E       AssertionError: assert False
E        +  where False = contracts/priceSources/CurvePrices.vy.confirmNewPriceFeed(&lt;frok interface at 0x42069BAbe14fB1802C5CB0F50BB9D2Ad6FEf55e2&gt;, sender=Address('0x064e88f9CD0eF0525f7A125D4396eE93468C7cdD'))
E        +    where contracts/priceSources/CurvePrices.vy.confirmNewPriceFeed = &lt;contracts/priceSources/CurvePrices.vy at 0xB854c1f42f9ccedB43Ef646c94c2512ecbB05BA1, compiled with vyper-0.4.3+bff19e...'update': 0, 'inDanger': False}), 'numBlocksInDanger': 0, 'nextIndex': 0}), snapShots={}, pendingGreenRefPoolConfig={}&gt;.confirmNewPriceFeed
E        +    and   Address('0x064e88f9CD0eF0525f7A125D4396eE93468C7cdD') = &lt;contracts/mock/MockRando.vy at 0x064e88f9CD0eF0525f7A125D4396eE93468C7cdD, compiled with vyper-0.4.3+bff19ea2&gt;.address

tests/priceSources/curve/test_curve_prices.py:612: AssertionError</failure></testcase><testcase classname="tests.priceSources.curve.test_curve_prices" name="test_get_price_two_crypto_ng" time="0.073"><failure message="AssertionError: assert False&#10; +  where False = contracts/priceSources/CurvePrices.vy.confirmNewPriceFeed(&lt;frok interface at 0x42069BAbe14fB1802C5CB0F50BB9D2Ad6FEf55e2&gt;, sender=Address('0x064e88f9CD0eF0525f7A125D4396eE93468C7cdD'))&#10; +    where contracts/priceSources/CurvePrices.vy.confirmNewPriceFeed = &lt;contracts/priceSources/CurvePrices.vy at 0xB854c1f42f9ccedB43Ef646c94c2512ecbB05BA1, compiled with vyper-0.4.3+bff19e...'update': 0, 'inDanger': False}), 'numBlocksInDanger': 0, 'nextIndex': 0}), snapShots={}, pendingGreenRefPoolConfig={}&gt;.confirmNewPriceFeed&#10; +    and   Address('0x064e88f9CD0eF0525f7A125D4396eE93468C7cdD') = &lt;contracts/mock/MockRando.vy at 0x064e88f9CD0eF0525f7A125D4396eE93468C7cdD, compiled with vyper-0.4.3+bff19ea2&gt;.address">weth_token = &lt;weth interface at 0x4200000000000000000000000000000000000006&gt;
base_frok_weth_pool = &lt;base_frok_weth_pool interface at 0xa0D3911349e701A1F49C1Ba2dDA34b4ce9636569&gt;
frok_token = &lt;frok interface at 0x42069BAbe14fB1802C5CB0F50BB9D2Ad6FEf55e2&gt;
curve_prices = &lt;contracts/priceSources/CurvePrices.vy at 0xB854c1f42f9ccedB43Ef646c94c2512ecbB05BA1, compiled with vyper-0.4.3+bff19e...'update': 0, 'inDanger': False}), 'numBlocksInDanger': 0, 'nextIndex': 0}), snapShots={}, pendingGreenRefPoolConfig={}&gt;
governance = &lt;contracts/mock/MockRando.vy at 0x064e88f9CD0eF0525f7A125D4396eE93468C7cdD, compiled with vyper-0.4.3+bff19ea2&gt;
_test = &lt;function _test.&lt;locals&gt;._test at 0x14b035440&gt;

    @pytest.base
    def test_get_price_two_crypto_ng(
        weth_token, # load alt price
        base_frok_weth_pool,
        frok_token,
        curve_prices,
        governance,
        _test,
    ):
        # setup
        assert curve_prices.addNewPriceFeed(frok_token, base_frok_weth_pool, sender=governance.address)
        boa.env.time_travel(blocks=curve_prices.actionTimeLock() + 1)
&gt;       assert curve_prices.confirmNewPriceFeed(frok_token, sender=governance.address)
E       AssertionError: assert False
E        +  where False = contracts/priceSources/CurvePrices.vy.confirmNewPriceFeed(&lt;frok interface at 0x42069BAbe14fB1802C5CB0F50BB9D2Ad6FEf55e2&gt;, sender=Address('0x064e88f9CD0eF0525f7A125D4396eE93468C7cdD'))
E        +    where contracts/priceSources/CurvePrices.vy.confirmNewPriceFeed = &lt;contracts/priceSources/CurvePrices.vy at 0xB854c1f42f9ccedB43Ef646c94c2512ecbB05BA1, compiled with vyper-0.4.3+bff19e...'update': 0, 'inDanger': False}), 'numBlocksInDanger': 0, 'nextIndex': 0}), snapShots={}, pendingGreenRefPoolConfig={}&gt;.confirmNewPriceFeed
E        +    and   Address('0x064e88f9CD0eF0525f7A125D4396eE93468C7cdD') = &lt;contracts/mock/MockRando.vy at 0x064e88f9CD0eF0525f7A125D4396eE93468C7cdD, compiled with vyper-0.4.3+bff19ea2&gt;.address

tests/priceSources/curve/test_curve_prices.py:643: AssertionError</failure></testcase><testcase classname="tests.priceSources.curve.test_curve_prices" name="test_get_price_no_feed" time="0.004" /><testcase classname="tests.priceSources.curve.test_curve_prices" name="test_invalid_pool_edge_cases" time="0.075"><failure message="AssertionError: assert False&#10; +  where False = contracts/priceSources/CurvePrices.vy.confirmNewPriceFeed(&lt;contracts/tokens/GreenToken.vy at 0xC6Acb7D16D51f72eAA659668F30A40d87E2E0551, compiled with vyper-0.4.3+bff19ea2&gt;, sender=Address('0x064e88f9CD0eF0525f7A125D4396eE93468C7cdD'))&#10; +    where contracts/priceSources/CurvePrices.vy.confirmNewPriceFeed = &lt;contracts/priceSources/CurvePrices.vy at 0xB854c1f42f9ccedB43Ef646c94c2512ecbB05BA1, compiled with vyper-0.4.3+bff19e...'update': 0, 'inDanger': False}), 'numBlocksInDanger': 0, 'nextIndex': 0}), snapShots={}, pendingGreenRefPoolConfig={}&gt;.confirmNewPriceFeed&#10; +    and   Address('0x064e88f9CD0eF0525f7A125D4396eE93468C7cdD') = &lt;contracts/mock/MockRando.vy at 0x064e88f9CD0eF0525f7A125D4396eE93468C7cdD, compiled with vyper-0.4.3+bff19ea2&gt;.address">curve_prices = &lt;contracts/priceSources/CurvePrices.vy at 0xB854c1f42f9ccedB43Ef646c94c2512ecbB05BA1, compiled with vyper-0.4.3+bff19e...'update': 0, 'inDanger': False}), 'numBlocksInDanger': 0, 'nextIndex': 0}), snapShots={}, pendingGreenRefPoolConfig={}&gt;
governance = &lt;contracts/mock/MockRando.vy at 0x064e88f9CD0eF0525f7A125D4396eE93468C7cdD, compiled with vyper-0.4.3+bff19ea2&gt;
green_token = &lt;contracts/tokens/GreenToken.vy at 0xC6Acb7D16D51f72eAA659668F30A40d87E2E0551, compiled with vyper-0.4.3+bff19ea2&gt;
deployed_green_pool = Address('0x3CC723aBAa73a0C325752195def5B462051F74d4')

    @pytest.base
    def test_invalid_pool_edge_cases(curve_prices, governance, green_token, deployed_green_pool):
        """Test validation edge cases with real pool but different scenarios"""
        # Test with asset that's already configured
        assert curve_prices.addNewPriceFeed(green_token, deployed_green_pool, sender=governance.address)
        boa.env.time_travel(blocks=curve_prices.actionTimeLock() + 1)
&gt;       assert curve_prices.confirmNewPriceFeed(green_token, sender=governance.address)
E       AssertionError: assert False
E        +  where False = contracts/priceSources/CurvePrices.vy.confirmNewPriceFeed(&lt;contracts/tokens/GreenToken.vy at 0xC6Acb7D16D51f72eAA659668F30A40d87E2E0551, compiled with vyper-0.4.3+bff19ea2&gt;, sender=Address('0x064e88f9CD0eF0525f7A125D4396eE93468C7cdD'))
E        +    where contracts/priceSources/CurvePrices.vy.confirmNewPriceFeed = &lt;contracts/priceSources/CurvePrices.vy at 0xB854c1f42f9ccedB43Ef646c94c2512ecbB05BA1, compiled with vyper-0.4.3+bff19e...'update': 0, 'inDanger': False}), 'numBlocksInDanger': 0, 'nextIndex': 0}), snapShots={}, pendingGreenRefPoolConfig={}&gt;.confirmNewPriceFeed
E        +    and   Address('0x064e88f9CD0eF0525f7A125D4396eE93468C7cdD') = &lt;contracts/mock/MockRando.vy at 0x064e88f9CD0eF0525f7A125D4396eE93468C7cdD, compiled with vyper-0.4.3+bff19ea2&gt;.address

tests/priceSources/curve/test_curve_prices.py:678: AssertionError</failure></testcase><testcase classname="tests.priceSources.curve.test_curve_prices" name="test_disable_feed_validation_logic" time="0.073"><failure message="AssertionError: assert False&#10; +  where False = contracts/priceSources/CurvePrices.vy.confirmNewPriceFeed(&lt;contracts/tokens/GreenToken.vy at 0xC6Acb7D16D51f72eAA659668F30A40d87E2E0551, compiled with vyper-0.4.3+bff19ea2&gt;, sender=Address('0x064e88f9CD0eF0525f7A125D4396eE93468C7cdD'))&#10; +    where contracts/priceSources/CurvePrices.vy.confirmNewPriceFeed = &lt;contracts/priceSources/CurvePrices.vy at 0xB854c1f42f9ccedB43Ef646c94c2512ecbB05BA1, compiled with vyper-0.4.3+bff19e...'update': 0, 'inDanger': False}), 'numBlocksInDanger': 0, 'nextIndex': 0}), snapShots={}, pendingGreenRefPoolConfig={}&gt;.confirmNewPriceFeed&#10; +    and   Address('0x064e88f9CD0eF0525f7A125D4396eE93468C7cdD') = &lt;contracts/mock/MockRando.vy at 0x064e88f9CD0eF0525f7A125D4396eE93468C7cdD, compiled with vyper-0.4.3+bff19ea2&gt;.address">curve_prices = &lt;contracts/priceSources/CurvePrices.vy at 0xB854c1f42f9ccedB43Ef646c94c2512ecbB05BA1, compiled with vyper-0.4.3+bff19e...'update': 0, 'inDanger': False}), 'numBlocksInDanger': 0, 'nextIndex': 0}), snapShots={}, pendingGreenRefPoolConfig={}&gt;
governance = &lt;contracts/mock/MockRando.vy at 0x064e88f9CD0eF0525f7A125D4396eE93468C7cdD, compiled with vyper-0.4.3+bff19ea2&gt;
green_token = &lt;contracts/tokens/GreenToken.vy at 0xC6Acb7D16D51f72eAA659668F30A40d87E2E0551, compiled with vyper-0.4.3+bff19ea2&gt;
deployed_green_pool = Address('0x3CC723aBAa73a0C325752195def5B462051F74d4')

    @pytest.base
    def test_disable_feed_validation_logic(curve_prices, governance, green_token, deployed_green_pool):
        """Test disable feed validation logic"""
        # Test disabling non-existent feed should be invalid
        assert not curve_prices.isValidDisablePriceFeed(green_token)

        # Add a feed first
        assert curve_prices.addNewPriceFeed(green_token, deployed_green_pool, sender=governance.address)
        boa.env.time_travel(blocks=curve_prices.actionTimeLock() + 1)
&gt;       assert curve_prices.confirmNewPriceFeed(green_token, sender=governance.address)
E       AssertionError: assert False
E        +  where False = contracts/priceSources/CurvePrices.vy.confirmNewPriceFeed(&lt;contracts/tokens/GreenToken.vy at 0xC6Acb7D16D51f72eAA659668F30A40d87E2E0551, compiled with vyper-0.4.3+bff19ea2&gt;, sender=Address('0x064e88f9CD0eF0525f7A125D4396eE93468C7cdD'))
E        +    where contracts/priceSources/CurvePrices.vy.confirmNewPriceFeed = &lt;contracts/priceSources/CurvePrices.vy at 0xB854c1f42f9ccedB43Ef646c94c2512ecbB05BA1, compiled with vyper-0.4.3+bff19e...'update': 0, 'inDanger': False}), 'numBlocksInDanger': 0, 'nextIndex': 0}), snapShots={}, pendingGreenRefPoolConfig={}&gt;.confirmNewPriceFeed
E        +    and   Address('0x064e88f9CD0eF0525f7A125D4396eE93468C7cdD') = &lt;contracts/mock/MockRando.vy at 0x064e88f9CD0eF0525f7A125D4396eE93468C7cdD, compiled with vyper-0.4.3+bff19ea2&gt;.address

tests/priceSources/curve/test_curve_prices.py:693: AssertionError</failure></testcase><testcase classname="tests.priceSources.curve.test_curve_prices" name="test_update_price_feed_same_pool" time="0.073"><failure message="AssertionError: assert False&#10; +  where False = contracts/priceSources/CurvePrices.vy.confirmNewPriceFeed(&lt;contracts/tokens/GreenToken.vy at 0xC6Acb7D16D51f72eAA659668F30A40d87E2E0551, compiled with vyper-0.4.3+bff19ea2&gt;, sender=Address('0x064e88f9CD0eF0525f7A125D4396eE93468C7cdD'))&#10; +    where contracts/priceSources/CurvePrices.vy.confirmNewPriceFeed = &lt;contracts/priceSources/CurvePrices.vy at 0xB854c1f42f9ccedB43Ef646c94c2512ecbB05BA1, compiled with vyper-0.4.3+bff19e...'update': 0, 'inDanger': False}), 'numBlocksInDanger': 0, 'nextIndex': 0}), snapShots={}, pendingGreenRefPoolConfig={}&gt;.confirmNewPriceFeed&#10; +    and   Address('0x064e88f9CD0eF0525f7A125D4396eE93468C7cdD') = &lt;contracts/mock/MockRando.vy at 0x064e88f9CD0eF0525f7A125D4396eE93468C7cdD, compiled with vyper-0.4.3+bff19ea2&gt;.address">green_token = &lt;contracts/tokens/GreenToken.vy at 0xC6Acb7D16D51f72eAA659668F30A40d87E2E0551, compiled with vyper-0.4.3+bff19ea2&gt;
deployed_green_pool = Address('0x3CC723aBAa73a0C325752195def5B462051F74d4')
curve_prices = &lt;contracts/priceSources/CurvePrices.vy at 0xB854c1f42f9ccedB43Ef646c94c2512ecbB05BA1, compiled with vyper-0.4.3+bff19e...'update': 0, 'inDanger': False}), 'numBlocksInDanger': 0, 'nextIndex': 0}), snapShots={}, pendingGreenRefPoolConfig={}&gt;
governance = &lt;contracts/mock/MockRando.vy at 0x064e88f9CD0eF0525f7A125D4396eE93468C7cdD, compiled with vyper-0.4.3+bff19ea2&gt;

    @pytest.base
    def test_update_price_feed_same_pool(
        green_token,
        deployed_green_pool,
        curve_prices,
        governance
    ):
        """Test updating feed with same pool should fail"""
        # Add initial feed
        assert curve_prices.addNewPriceFeed(green_token, deployed_green_pool, sender=governance.address)
        boa.env.time_travel(blocks=curve_prices.actionTimeLock() + 1)
&gt;       assert curve_prices.confirmNewPriceFeed(green_token, sender=governance.address)
E       AssertionError: assert False
E        +  where False = contracts/priceSources/CurvePrices.vy.confirmNewPriceFeed(&lt;contracts/tokens/GreenToken.vy at 0xC6Acb7D16D51f72eAA659668F30A40d87E2E0551, compiled with vyper-0.4.3+bff19ea2&gt;, sender=Address('0x064e88f9CD0eF0525f7A125D4396eE93468C7cdD'))
E        +    where contracts/priceSources/CurvePrices.vy.confirmNewPriceFeed = &lt;contracts/priceSources/CurvePrices.vy at 0xB854c1f42f9ccedB43Ef646c94c2512ecbB05BA1, compiled with vyper-0.4.3+bff19e...'update': 0, 'inDanger': False}), 'numBlocksInDanger': 0, 'nextIndex': 0}), snapShots={}, pendingGreenRefPoolConfig={}&gt;.confirmNewPriceFeed
E        +    and   Address('0x064e88f9CD0eF0525f7A125D4396eE93468C7cdD') = &lt;contracts/mock/MockRando.vy at 0x064e88f9CD0eF0525f7A125D4396eE93468C7cdD, compiled with vyper-0.4.3+bff19ea2&gt;.address

tests/priceSources/curve/test_curve_prices.py:710: AssertionError</failure></testcase><testcase classname="tests.priceSources.curve.test_curve_prices" name="test_disable_non_existent_feed" time="0.002" /><testcase classname="tests.priceSources.curve.test_curve_prices" name="test_time_lock_early_confirmation" time="0.063" /><testcase classname="tests.priceSources.curve.test_curve_prices" name="test_confirm_non_pending_action" time="0.014" /><testcase classname="tests.priceSources.curve.test_curve_prices" name="test_cancel_non_pending_action" time="0.006" /><testcase classname="tests.priceSources.curve.test_curve_prices" name="test_complete_feed_lifecycle" time="0.075"><failure message="AssertionError: assert False&#10; +  where False = contracts/priceSources/CurvePrices.vy.confirmNewPriceFeed(&lt;contracts/tokens/GreenToken.vy at 0xC6Acb7D16D51f72eAA659668F30A40d87E2E0551, compiled with vyper-0.4.3+bff19ea2&gt;, sender=Address('0x064e88f9CD0eF0525f7A125D4396eE93468C7cdD'))&#10; +    where contracts/priceSources/CurvePrices.vy.confirmNewPriceFeed = &lt;contracts/priceSources/CurvePrices.vy at 0xB854c1f42f9ccedB43Ef646c94c2512ecbB05BA1, compiled with vyper-0.4.3+bff19e...'update': 0, 'inDanger': False}), 'numBlocksInDanger': 0, 'nextIndex': 0}), snapShots={}, pendingGreenRefPoolConfig={}&gt;.confirmNewPriceFeed&#10; +    and   Address('0x064e88f9CD0eF0525f7A125D4396eE93468C7cdD') = &lt;contracts/mock/MockRando.vy at 0x064e88f9CD0eF0525f7A125D4396eE93468C7cdD, compiled with vyper-0.4.3+bff19ea2&gt;.address">green_token = &lt;contracts/tokens/GreenToken.vy at 0xC6Acb7D16D51f72eAA659668F30A40d87E2E0551, compiled with vyper-0.4.3+bff19ea2&gt;
deployed_green_pool = Address('0x3CC723aBAa73a0C325752195def5B462051F74d4')
curve_prices = &lt;contracts/priceSources/CurvePrices.vy at 0xB854c1f42f9ccedB43Ef646c94c2512ecbB05BA1, compiled with vyper-0.4.3+bff19e...'update': 0, 'inDanger': False}), 'numBlocksInDanger': 0, 'nextIndex': 0}), snapShots={}, pendingGreenRefPoolConfig={}&gt;
governance = &lt;contracts/mock/MockRando.vy at 0x064e88f9CD0eF0525f7A125D4396eE93468C7cdD, compiled with vyper-0.4.3+bff19ea2&gt;

    @pytest.base
    def test_complete_feed_lifecycle(
        green_token,
        deployed_green_pool,
        curve_prices,
        governance
    ):
        """Test complete lifecycle: add -&gt; disable"""
        # 1. Add new feed
        assert curve_prices.addNewPriceFeed(green_token, deployed_green_pool, sender=governance.address)
        assert curve_prices.hasPendingPriceFeedUpdate(green_token)

        boa.env.time_travel(blocks=curve_prices.actionTimeLock() + 1)
&gt;       assert curve_prices.confirmNewPriceFeed(green_token, sender=governance.address)
E       AssertionError: assert False
E        +  where False = contracts/priceSources/CurvePrices.vy.confirmNewPriceFeed(&lt;contracts/tokens/GreenToken.vy at 0xC6Acb7D16D51f72eAA659668F30A40d87E2E0551, compiled with vyper-0.4.3+bff19ea2&gt;, sender=Address('0x064e88f9CD0eF0525f7A125D4396eE93468C7cdD'))
E        +    where contracts/priceSources/CurvePrices.vy.confirmNewPriceFeed = &lt;contracts/priceSources/CurvePrices.vy at 0xB854c1f42f9ccedB43Ef646c94c2512ecbB05BA1, compiled with vyper-0.4.3+bff19e...'update': 0, 'inDanger': False}), 'numBlocksInDanger': 0, 'nextIndex': 0}), snapShots={}, pendingGreenRefPoolConfig={}&gt;.confirmNewPriceFeed
E        +    and   Address('0x064e88f9CD0eF0525f7A125D4396eE93468C7cdD') = &lt;contracts/mock/MockRando.vy at 0x064e88f9CD0eF0525f7A125D4396eE93468C7cdD, compiled with vyper-0.4.3+bff19ea2&gt;.address

tests/priceSources/curve/test_curve_prices.py:778: AssertionError</failure></testcase><testcase classname="tests.priceSources.curve.test_curve_prices" name="test_eco_token_detection" time="0.127" /><testcase classname="tests.priceSources.curve.test_curve_prices" name="test_price_desk_integration" time="0.074"><failure message="AssertionError: assert False&#10; +  where False = contracts/priceSources/CurvePrices.vy.confirmNewPriceFeed(&lt;contracts/tokens/GreenToken.vy at 0xC6Acb7D16D51f72eAA659668F30A40d87E2E0551, compiled with vyper-0.4.3+bff19ea2&gt;, sender=Address('0x064e88f9CD0eF0525f7A125D4396eE93468C7cdD'))&#10; +    where contracts/priceSources/CurvePrices.vy.confirmNewPriceFeed = &lt;contracts/priceSources/CurvePrices.vy at 0xB854c1f42f9ccedB43Ef646c94c2512ecbB05BA1, compiled with vyper-0.4.3+bff19e...'update': 0, 'inDanger': False}), 'numBlocksInDanger': 0, 'nextIndex': 0}), snapShots={}, pendingGreenRefPoolConfig={}&gt;.confirmNewPriceFeed&#10; +    and   Address('0x064e88f9CD0eF0525f7A125D4396eE93468C7cdD') = &lt;contracts/mock/MockRando.vy at 0x064e88f9CD0eF0525f7A125D4396eE93468C7cdD, compiled with vyper-0.4.3+bff19ea2&gt;.address">green_token = &lt;contracts/tokens/GreenToken.vy at 0xC6Acb7D16D51f72eAA659668F30A40d87E2E0551, compiled with vyper-0.4.3+bff19ea2&gt;
deployed_green_pool = Address('0x3CC723aBAa73a0C325752195def5B462051F74d4')
curve_prices = &lt;contracts/priceSources/CurvePrices.vy at 0xB854c1f42f9ccedB43Ef646c94c2512ecbB05BA1, compiled with vyper-0.4.3+bff19e...'update': 0, 'inDanger': False}), 'numBlocksInDanger': 0, 'nextIndex': 0}), snapShots={}, pendingGreenRefPoolConfig={}&gt;
governance = &lt;contracts/mock/MockRando.vy at 0x064e88f9CD0eF0525f7A125D4396eE93468C7cdD, compiled with vyper-0.4.3+bff19ea2&gt;
price_desk = &lt;contracts/registries/PriceDesk.vy at 0x10761621062878CEdEfEb54dFFfb5fde5187bbB7, compiled with vyper-0.4.3+bff19ea2&gt;

    @pytest.base
    def test_price_desk_integration(
        green_token,
        deployed_green_pool,
        curve_prices,
        governance,
        price_desk
    ):
        """Test integration with price desk"""
        # Add feed
        assert curve_prices.addNewPriceFeed(green_token, deployed_green_pool, sender=governance.address)
        boa.env.time_travel(blocks=curve_prices.actionTimeLock() + 1)
&gt;       assert curve_prices.confirmNewPriceFeed(green_token, sender=governance.address)
E       AssertionError: assert False
E        +  where False = contracts/priceSources/CurvePrices.vy.confirmNewPriceFeed(&lt;contracts/tokens/GreenToken.vy at 0xC6Acb7D16D51f72eAA659668F30A40d87E2E0551, compiled with vyper-0.4.3+bff19ea2&gt;, sender=Address('0x064e88f9CD0eF0525f7A125D4396eE93468C7cdD'))
E        +    where contracts/priceSources/CurvePrices.vy.confirmNewPriceFeed = &lt;contracts/priceSources/CurvePrices.vy at 0xB854c1f42f9ccedB43Ef646c94c2512ecbB05BA1, compiled with vyper-0.4.3+bff19e...'update': 0, 'inDanger': False}), 'numBlocksInDanger': 0, 'nextIndex': 0}), snapShots={}, pendingGreenRefPoolConfig={}&gt;.confirmNewPriceFeed
E        +    and   Address('0x064e88f9CD0eF0525f7A125D4396eE93468C7cdD') = &lt;contracts/mock/MockRando.vy at 0x064e88f9CD0eF0525f7A125D4396eE93468C7cdD, compiled with vyper-0.4.3+bff19ea2&gt;.address

tests/priceSources/curve/test_curve_prices.py:828: AssertionError</failure></testcase><testcase classname="tests.priceSources.curve.test_curve_prices" name="test_add_existing_asset_feed" time="0.074"><failure message="AssertionError: assert False&#10; +  where False = contracts/priceSources/CurvePrices.vy.confirmNewPriceFeed(&lt;contracts/tokens/GreenToken.vy at 0xC6Acb7D16D51f72eAA659668F30A40d87E2E0551, compiled with vyper-0.4.3+bff19ea2&gt;, sender=Address('0x064e88f9CD0eF0525f7A125D4396eE93468C7cdD'))&#10; +    where contracts/priceSources/CurvePrices.vy.confirmNewPriceFeed = &lt;contracts/priceSources/CurvePrices.vy at 0xB854c1f42f9ccedB43Ef646c94c2512ecbB05BA1, compiled with vyper-0.4.3+bff19e...'update': 0, 'inDanger': False}), 'numBlocksInDanger': 0, 'nextIndex': 0}), snapShots={}, pendingGreenRefPoolConfig={}&gt;.confirmNewPriceFeed&#10; +    and   Address('0x064e88f9CD0eF0525f7A125D4396eE93468C7cdD') = &lt;contracts/mock/MockRando.vy at 0x064e88f9CD0eF0525f7A125D4396eE93468C7cdD, compiled with vyper-0.4.3+bff19ea2&gt;.address">green_token = &lt;contracts/tokens/GreenToken.vy at 0xC6Acb7D16D51f72eAA659668F30A40d87E2E0551, compiled with vyper-0.4.3+bff19ea2&gt;
deployed_green_pool = Address('0x3CC723aBAa73a0C325752195def5B462051F74d4')
deployed_ripe_pool = Address('0x2bfA82Fcc04093250BCc768b6df9D37040931109')
curve_prices = &lt;contracts/priceSources/CurvePrices.vy at 0xB854c1f42f9ccedB43Ef646c94c2512ecbB05BA1, compiled with vyper-0.4.3+bff19e...'update': 0, 'inDanger': False}), 'numBlocksInDanger': 0, 'nextIndex': 0}), snapShots={}, pendingGreenRefPoolConfig={}&gt;
governance = &lt;contracts/mock/MockRando.vy at 0x064e88f9CD0eF0525f7A125D4396eE93468C7cdD, compiled with vyper-0.4.3+bff19ea2&gt;

    @pytest.base
    def test_add_existing_asset_feed(
        green_token,
        deployed_green_pool,
        deployed_ripe_pool,
        curve_prices,
        governance
    ):
        """Test that adding feed for existing asset fails with isValidNewFeed"""
        # Add initial feed
        assert curve_prices.addNewPriceFeed(green_token, deployed_green_pool, sender=governance.address)
        boa.env.time_travel(blocks=curve_prices.actionTimeLock() + 1)
&gt;       assert curve_prices.confirmNewPriceFeed(green_token, sender=governance.address)
E       AssertionError: assert False
E        +  where False = contracts/priceSources/CurvePrices.vy.confirmNewPriceFeed(&lt;contracts/tokens/GreenToken.vy at 0xC6Acb7D16D51f72eAA659668F30A40d87E2E0551, compiled with vyper-0.4.3+bff19ea2&gt;, sender=Address('0x064e88f9CD0eF0525f7A125D4396eE93468C7cdD'))
E        +    where contracts/priceSources/CurvePrices.vy.confirmNewPriceFeed = &lt;contracts/priceSources/CurvePrices.vy at 0xB854c1f42f9ccedB43Ef646c94c2512ecbB05BA1, compiled with vyper-0.4.3+bff19e...'update': 0, 'inDanger': False}), 'numBlocksInDanger': 0, 'nextIndex': 0}), snapShots={}, pendingGreenRefPoolConfig={}&gt;.confirmNewPriceFeed
E        +    and   Address('0x064e88f9CD0eF0525f7A125D4396eE93468C7cdD') = &lt;contracts/mock/MockRando.vy at 0x064e88f9CD0eF0525f7A125D4396eE93468C7cdD, compiled with vyper-0.4.3+bff19ea2&gt;.address

tests/priceSources/curve/test_curve_prices.py:850: AssertionError</failure></testcase><testcase classname="tests.priceSources.curve.test_curve_prices" name="test_all_events_emitted" time="0.075"><failure message="assert 0 == 1&#10; +  where 0 = len([])">green_token = &lt;contracts/tokens/GreenToken.vy at 0xC6Acb7D16D51f72eAA659668F30A40d87E2E0551, compiled with vyper-0.4.3+bff19ea2&gt;
deployed_green_pool = Address('0x3CC723aBAa73a0C325752195def5B462051F74d4')
curve_prices = &lt;contracts/priceSources/CurvePrices.vy at 0xB854c1f42f9ccedB43Ef646c94c2512ecbB05BA1, compiled with vyper-0.4.3+bff19e...'update': 0, 'inDanger': False}), 'numBlocksInDanger': 0, 'nextIndex': 0}), snapShots={}, pendingGreenRefPoolConfig={}&gt;
governance = &lt;contracts/mock/MockRando.vy at 0x064e88f9CD0eF0525f7A125D4396eE93468C7cdD, compiled with vyper-0.4.3+bff19ea2&gt;

    @pytest.base
    def test_all_events_emitted(
        green_token,
        deployed_green_pool,
        curve_prices,
        governance
    ):
        """Test that all expected events are emitted during feed lifecycle"""
        # Add new feed - should emit NewCurvePricePending
        curve_prices.addNewPriceFeed(green_token, deployed_green_pool, sender=governance.address)
        pending_logs = filter_logs(curve_prices, "NewCurvePricePending")
        assert len(pending_logs) == 1
        assert pending_logs[0].asset == green_token.address
        assert pending_logs[0].pool == deployed_green_pool

        # Confirm - should emit NewCurvePriceAdded
        boa.env.time_travel(blocks=curve_prices.actionTimeLock() + 1)
        curve_prices.confirmNewPriceFeed(green_token, sender=governance.address)
        added_logs = filter_logs(curve_prices, "NewCurvePriceAdded")
&gt;       assert len(added_logs) == 1
E       assert 0 == 1
E        +  where 0 = len([])

tests/priceSources/curve/test_curve_prices.py:875: AssertionError</failure></testcase><testcase classname="tests.priceSources.curve.test_curve_prices" name="test_cancel_events" time="0.054" /><testcase classname="tests.priceSources.curve.test_curve_prices" name="test_access_control_non_governance" time="0.033" /><testcase classname="tests.priceSources.curve.test_curve_prices" name="test_savings_green_price" time="0.147"><failure message="AssertionError: assert False&#10; +  where False = contracts/priceSources/CurvePrices.vy.confirmNewPriceFeed(&lt;contracts/tokens/GreenToken.vy at 0xC6Acb7D16D51f72eAA659668F30A40d87E2E0551, compiled with vyper-0.4.3+bff19ea2&gt;, sender=Address('0x064e88f9CD0eF0525f7A125D4396eE93468C7cdD'))&#10; +    where contracts/priceSources/CurvePrices.vy.confirmNewPriceFeed = &lt;contracts/priceSources/CurvePrices.vy at 0xB854c1f42f9ccedB43Ef646c94c2512ecbB05BA1, compiled with vyper-0.4.3+bff19e...'update': 0, 'inDanger': False}), 'numBlocksInDanger': 0, 'nextIndex': 0}), snapShots={}, pendingGreenRefPoolConfig={}&gt;.confirmNewPriceFeed&#10; +    and   Address('0x064e88f9CD0eF0525f7A125D4396eE93468C7cdD') = &lt;contracts/mock/MockRando.vy at 0x064e88f9CD0eF0525f7A125D4396eE93468C7cdD, compiled with vyper-0.4.3+bff19ea2&gt;.address">addSeedGreenLiq = &lt;function addSeedGreenLiq.&lt;locals&gt;.addSeedGreenLiq at 0x17446ad40&gt;
green_token = &lt;contracts/tokens/GreenToken.vy at 0xC6Acb7D16D51f72eAA659668F30A40d87E2E0551, compiled with vyper-0.4.3+bff19ea2&gt;
deployed_green_pool = Address('0x3CC723aBAa73a0C325752195def5B462051F74d4')
curve_prices = &lt;contracts/priceSources/CurvePrices.vy at 0xB854c1f42f9ccedB43Ef646c94c2512ecbB05BA1, compiled with vyper-0.4.3+bff19e...'update': 0, 'inDanger': False}), 'numBlocksInDanger': 0, 'nextIndex': 0}), snapShots={}, pendingGreenRefPoolConfig={}&gt;
governance = &lt;contracts/mock/MockRando.vy at 0x064e88f9CD0eF0525f7A125D4396eE93468C7cdD, compiled with vyper-0.4.3+bff19ea2&gt;
savings_green = &lt;contracts/tokens/SavingsGreen.vy at 0x3d06E92f20305D9a2D71a1D479E9EE22690Ae7E4, compiled with vyper-0.4.3+bff19ea2&gt;
credit_engine = &lt;contracts/core/CreditEngine.vy at 0x97b2B28696b051c85DfF03d4C8a856c76A065911, compiled with vyper-0.4.3+bff19ea2&gt;
&lt;storage: undyVaulDiscount=5000, buybackRatio=0&gt;
_test = &lt;function _test.&lt;locals&gt;._test at 0x14b035440&gt;
alice = Address('0x8b9c856a78B0503d4A811E7f67E60A5269E8942D')

    @pytest.base
    def test_savings_green_price(
        addSeedGreenLiq,
        green_token,
        deployed_green_pool,
        curve_prices,
        governance,
        savings_green,
        credit_engine,
        _test,
        alice,
    ):
        addSeedGreenLiq() # need to add liquidity to pool

        # setup green price
        assert curve_prices.addNewPriceFeed(green_token, deployed_green_pool, sender=governance.address)
        boa.env.time_travel(blocks=curve_prices.actionTimeLock() + 1)
&gt;       assert curve_prices.confirmNewPriceFeed(green_token, sender=governance.address)
E       AssertionError: assert False
E        +  where False = contracts/priceSources/CurvePrices.vy.confirmNewPriceFeed(&lt;contracts/tokens/GreenToken.vy at 0xC6Acb7D16D51f72eAA659668F30A40d87E2E0551, compiled with vyper-0.4.3+bff19ea2&gt;, sender=Address('0x064e88f9CD0eF0525f7A125D4396eE93468C7cdD'))
E        +    where contracts/priceSources/CurvePrices.vy.confirmNewPriceFeed = &lt;contracts/priceSources/CurvePrices.vy at 0xB854c1f42f9ccedB43Ef646c94c2512ecbB05BA1, compiled with vyper-0.4.3+bff19e...'update': 0, 'inDanger': False}), 'numBlocksInDanger': 0, 'nextIndex': 0}), snapShots={}, pendingGreenRefPoolConfig={}&gt;.confirmNewPriceFeed
E        +    and   Address('0x064e88f9CD0eF0525f7A125D4396eE93468C7cdD') = &lt;contracts/mock/MockRando.vy at 0x064e88f9CD0eF0525f7A125D4396eE93468C7cdD, compiled with vyper-0.4.3+bff19ea2&gt;.address

tests/priceSources/curve/test_curve_prices.py:951: AssertionError</failure></testcase></testsuite></testsuites>