<?xml version="1.0" encoding="utf-8"?><testsuites name="pytest tests"><testsuite name="pytest" errors="0" failures="0" skipped="0" tests="75" time="218.695" timestamp="2026-08-15T18:27:56.456357-06:00" hostname="sanitized-host.local"><testcase classname="tests.priceSources.curve.test_green_ref_pool" name="test_reference_pool_basic" time="110.369" /><testcase classname="tests.priceSources.curve.test_green_ref_pool" name="test_invalid_green_ref_pool_configs" time="0.581" /><testcase classname="tests.priceSources.curve.test_green_ref_pool" name="test_green_ref_pool_config_timelock" time="0.243" /><testcase classname="tests.priceSources.curve.test_green_ref_pool" name="test_green_ref_pool_config_cancellation" time="0.077" /><testcase classname="tests.priceSources.curve.test_green_ref_pool" name="test_multiple_snapshots_balanced_pool" time="0.157" /><testcase classname="tests.priceSources.curve.test_green_ref_pool" name="test_snapshots_with_imbalanced_pool" time="0.154" /><testcase classname="tests.priceSources.curve.test_green_ref_pool" name="test_danger_block_counting" time="0.189" /><testcase classname="tests.priceSources.curve.test_green_ref_pool" name="test_snapshot_index_wrapping" time="0.158" /><testcase classname="tests.priceSources.curve.test_green_ref_pool" name="test_same_block_snapshot_prevention" time="0.143" /><testcase classname="tests.priceSources.curve.test_green_ref_pool" name="test_weighted_ratio_calculation" time="0.183" /><testcase classname="tests.priceSources.curve.test_green_ref_pool" name="test_stale_snapshots_excluded" time="0.164" /><testcase classname="tests.priceSources.curve.test_green_ref_pool" name="test_permission_checks" time="0.187" /><testcase classname="tests.priceSources.curve.test_green_ref_pool" name="test_no_config_scenarios" time="0.018" /><testcase classname="tests.priceSources.curve.test_green_ref_pool" name="test_empty_pool_scenarios" time="0.122" /><testcase classname="tests.priceSources.curve.test_green_ref_pool" name="test_maximum_snapshots_config" time="0.233" /><testcase classname="tests.priceSources.curve.test_green_ref_pool" name="test_curve_pool_data_accuracy" time="0.159" /><testcase classname="tests.priceSources.curve.test_green_ref_pool" name="test_capacity_config_update_resets_ring" time="0.300" /><testcase classname="tests.priceSources.curve.test_green_ref_pool" name="test_green_token_index_detection" time="0.136" /><testcase classname="tests.priceSources.curve.test_green_ref_pool" name="test_invalid_pool_no_green_token" time="2.975" /><testcase classname="tests.priceSources.curve.test_green_ref_pool" name="test_decimal_handling_edge_cases" time="0.136" /><testcase classname="tests.priceSources.curve.test_green_ref_pool" name="test_weighted_ratio_edge_cases" time="0.157" /><testcase classname="tests.priceSources.curve.test_green_ref_pool" name="test_stale_blocks_exact_threshold" time="0.157" /><testcase classname="tests.priceSources.curve.test_green_ref_pool" name="test_contract_pause_blocks_functions" time="0.160" /><testcase classname="tests.priceSources.curve.test_green_ref_pool" name="test_snapshot_with_zero_balance_edge_case" time="0.134" /><testcase classname="tests.priceSources.curve.test_green_ref_pool" name="test_invalid_action_id_scenarios" time="0.050" /><testcase classname="tests.priceSources.curve.test_green_ref_pool" name="test_danger_transition_edge_cases" time="0.177" /><testcase classname="tests.priceSources.curve.test_green_ref_pool" name="test_usdc_dominant_pool_scenarios" time="0.195" /><testcase classname="tests.priceSources.curve.test_green_ref_pool" name="test_green_scarcity_recovery_scenarios" time="0.212" /><testcase classname="tests.priceSources.curve.test_green_ref_pool" name="test_sc16_single_safe_snapshot_preserves_danger_history" time="3.379" /><testcase classname="tests.priceSources.curve.test_green_ref_pool" name="test_sc23_fully_stale_status_returns_zero" time="3.201" /><testcase classname="tests.priceSources.curve.test_green_ref_pool" name="test_capacity_regrowth_cannot_resurrect_discarded_slots" time="0.716" /><testcase classname="tests.priceSources.curve.test_green_ref_pool" name="test_extreme_stale_blocks_rejected_without_poisoning_view" time="0.546" /><testcase classname="tests.priceSources.curve.test_green_ref_pool" name="test_duration_weighting_is_exact_and_ignores_green_balance" time="3.753" /><testcase classname="tests.priceSources.curve.test_green_ref_pool" name="test_wrapped_ring_traversal_remains_chronological" time="0.606" /><testcase classname="tests.priceSources.curve.test_green_ref_pool" name="test_zero_stale_blocks_still_requires_a_later_safe_block" time="0.603" /><testcase classname="tests.priceSources.curve.test_green_ref_pool" name="test_sparse_recovery_exact_boundary_and_stale_gap_restart" time="0.624" /><testcase classname="tests.priceSources.curve.test_green_ref_pool" name="test_danger_returns_after_unavailable_gap_from_preserved_history" time="4.163" /><testcase classname="tests.priceSources.curve.test_green_ref_pool" name="test_spot_only_danger_restarts_recovery_without_rate_signal" time="0.696" /><testcase classname="tests.priceSources.curve.test_green_ref_pool" name="test_future_and_non_monotonic_snapshot_updates_fail_safe" time="10.285" /><testcase classname="tests.priceSources.curve.test_green_ref_pool" name="test_weighted_ratio_product_overflow_returns_unavailable" time="7.591" /><testcase classname="tests.priceSources.curve.test_green_ref_pool" name="test_weighted_ratio_sum_overflow_returns_unavailable" time="7.249" /><testcase classname="tests.priceSources.curve.test_green_ref_pool" name="test_danger_counter_overflow_guard_preserves_state" time="11.088" /><testcase classname="tests.priceSources.curve.test_green_ref_pool" name="test_capacity_reset_preserves_counter_restarts_recovery_and_seeds_once" time="0.679" /><testcase classname="tests.priceSources.curve.test_green_ref_pool" name="test_meaning_change_clears_ring_and_danger_state" time="0.690" /><testcase classname="tests.priceSources.curve.test_green_ref_pool" name="test_category_c_and_d_updates_preserve_live_ring_and_counter" time="0.609" /><testcase classname="tests.priceSources.curve.test_green_ref_pool" name="test_reset_seed_failure_reverts_confirmation_atomically" time="4.373" /><testcase classname="tests.priceSources.curve.test_green_ref_pool" name="test_confirmation_revalidates_pending_pool" time="0.626" /><testcase classname="tests.priceSources.curve.test_green_ref_pool" name="test_credit_engine_fail_soft_and_danger_reactivation" time="0.616" /><testcase classname="tests.priceSources.curve.test_green_ref_pool" name="test_teller_housekeeping_is_the_production_green_ring_writer" time="0.593" /><testcase classname="tests.priceSources.curve.test_green_ref_pool" name="test_rolling_danger_interrupts_recovery_and_resumes_history" time="0.584" /><testcase classname="tests.priceSources.curve.test_green_ref_pool" name="test_category_c_old_dangerous_new_dangerous_reanchors_at_confirmation" time="4.460" /><testcase classname="tests.priceSources.curve.test_green_ref_pool" name="test_category_c_old_dangerous_new_safe_starts_recovery_at_confirmation" time="0.601" /><testcase classname="tests.priceSources.curve.test_green_ref_pool" name="test_category_c_old_safe_new_dangerous_reanchors_at_confirmation" time="0.581" /><testcase classname="tests.priceSources.curve.test_green_ref_pool" name="test_category_c_stale_expansion_does_not_bridge_expired_danger" time="0.589" /><testcase classname="tests.priceSources.curve.test_green_ref_pool" name="test_category_c_zero_staleness_does_not_bridge_expired_recovery" time="4.714" /><testcase classname="tests.priceSources.curve.test_green_ref_pool" name="test_category_c_simultaneous_trigger_and_freshness_change_reanchors" time="0.594" /><testcase classname="tests.priceSources.curve.test_green_ref_pool" name="test_category_c_unavailable_history_leaves_continuity_cleared" time="0.602" /><testcase classname="tests.priceSources.curve.test_green_ref_pool" name="test_danger_gap_does_not_credit_stale_elapsed_blocks" time="0.561" /><testcase classname="tests.priceSources.curve.test_green_ref_pool" name="test_same_block_non_observational_confirmation_preserves_state" time="0.596" /><testcase classname="tests.priceSources.curve.test_green_ref_pool" name="test_repeated_spot_only_interruptions_preserve_counter_and_safe_rollup" time="5.093" /><testcase classname="tests.priceSources.curve.test_green_ref_pool" name="test_sc23_exact_freshness_boundary_is_inclusive" time="0.599" /><testcase classname="tests.priceSources.curve.test_green_ref_pool" name="test_mixed_stale_and_fresh_intervals_have_exact_weight" time="0.598" /><testcase classname="tests.priceSources.curve.test_green_ref_pool" name="test_capacity_change_with_counter_and_dangerous_seed_reanchors_exactly" time="0.629" /><testcase classname="tests.priceSources.curve.test_green_ref_pool" name="test_capacity_and_classification_change_with_dangerous_seed_reanchors_exactly" time="0.608" /><testcase classname="tests.priceSources.curve.test_green_ref_pool" name="test_capacity_and_classification_change_with_safe_seed_restarts_recovery" time="5.313" /><testcase classname="tests.priceSources.curve.test_green_ref_pool" name="test_nonclassification_confirmation_preserves_active_danger_anchor[noop]" time="0.599" /><testcase classname="tests.priceSources.curve.test_green_ref_pool" name="test_nonclassification_confirmation_preserves_active_danger_anchor[stabilizer]" time="0.626" /><testcase classname="tests.priceSources.curve.test_green_ref_pool" name="test_nonclassification_confirmation_preserves_active_recovery_window[noop]" time="0.601" /><testcase classname="tests.priceSources.curve.test_green_ref_pool" name="test_nonclassification_confirmation_preserves_active_recovery_window[stabilizer]" time="0.600" /><testcase classname="tests.priceSources.curve.test_green_ref_pool" name="test_robinhood_repeated_number_suppresses_every_green_ring_write" time="0.655" /><testcase classname="tests.priceSources.curve.test_green_ref_pool" name="test_robinhood_plus_one_and_jump_profiles_drive_exact_curve_durations" time="5.609" /><testcase classname="tests.priceSources.curve.test_green_ref_pool" name="test_robinhood_stress_jump_credits_exact_fresh_danger_duration" time="0.615" /><testcase classname="tests.priceSources.curve.test_green_ref_pool" name="test_robinhood_jump_crosses_inclusive_freshness_boundary" time="0.597" /><testcase classname="tests.priceSources.curve.test_green_ref_pool" name="test_robinhood_jump_over_recovery_window_restarts_without_clearing" time="0.587" /><testcase classname="tests.priceSources.curve.test_green_ref_pool" name="test_teller_housekeeping_repeated_robinhood_number_writes_once_per_number" time="0.651" /></testsuite></testsuites>