<?xml version="1.0" encoding="utf-8"?><testsuites name="pytest tests"><testsuite name="pytest" errors="0" failures="0" skipped="0" tests="32" time="121.050" timestamp="2026-08-15T18:27:58.864392-06:00" hostname="sanitized-host.local"><testcase classname="tests.priceSources.curve.test_curve_prices" name="test_add_curve_price_green_single_asset" time="110.429" /><testcase classname="tests.priceSources.curve.test_curve_prices" name="test_get_price_green_single_asset" time="0.058" /><testcase classname="tests.priceSources.curve.test_curve_prices" name="test_add_curve_price_green_lp" time="0.147" /><testcase classname="tests.priceSources.curve.test_curve_prices" name="test_get_price_green_lp" time="0.111" /><testcase classname="tests.priceSources.curve.test_curve_prices" name="test_green_pool_imbalanced" time="0.205" /><testcase classname="tests.priceSources.curve.test_curve_prices" name="test_add_curve_price_ripe_single_asset" time="4.506" /><testcase classname="tests.priceSources.curve.test_curve_prices" name="test_get_price_ripe_single_asset" time="0.058" /><testcase classname="tests.priceSources.curve.test_curve_prices" name="test_add_curve_price_ripe_lp" time="0.117" /><testcase classname="tests.priceSources.curve.test_curve_prices" name="test_get_price_ripe_lp" time="0.082" /><testcase classname="tests.priceSources.curve.test_curve_prices" name="test_ripe_pool_imbalanced" time="0.164" /><testcase classname="tests.priceSources.curve.test_curve_prices" name="test_add_curve_price_stable_ng" time="0.720" /><testcase classname="tests.priceSources.curve.test_curve_prices" name="test_get_price_stable_ng" time="0.061" /><testcase classname="tests.priceSources.curve.test_curve_prices" name="test_add_curve_price_two_crypto" time="1.165" /><testcase classname="tests.priceSources.curve.test_curve_prices" name="test_get_price_two_crypto" time="0.081" /><testcase classname="tests.priceSources.curve.test_curve_prices" name="test_add_curve_price_two_crypto_ng" time="1.912" /><testcase classname="tests.priceSources.curve.test_curve_prices" name="test_get_price_two_crypto_ng" time="0.067" /><testcase classname="tests.priceSources.curve.test_curve_prices" name="test_get_price_no_feed" time="0.004" /><testcase classname="tests.priceSources.curve.test_curve_prices" name="test_invalid_pool_edge_cases" time="0.102" /><testcase classname="tests.priceSources.curve.test_curve_prices" name="test_disable_feed_validation_logic" time="0.066" /><testcase classname="tests.priceSources.curve.test_curve_prices" name="test_update_price_feed_same_pool" time="0.108" /><testcase classname="tests.priceSources.curve.test_curve_prices" name="test_disable_non_existent_feed" time="0.002" /><testcase classname="tests.priceSources.curve.test_curve_prices" name="test_time_lock_early_confirmation" time="0.068" /><testcase classname="tests.priceSources.curve.test_curve_prices" name="test_confirm_non_pending_action" time="0.029" /><testcase classname="tests.priceSources.curve.test_curve_prices" name="test_cancel_non_pending_action" time="0.011" /><testcase classname="tests.priceSources.curve.test_curve_prices" name="test_complete_feed_lifecycle" time="0.068" /><testcase classname="tests.priceSources.curve.test_curve_prices" name="test_eco_token_detection" time="0.122" /><testcase classname="tests.priceSources.curve.test_curve_prices" name="test_price_desk_integration" time="0.072" /><testcase classname="tests.priceSources.curve.test_curve_prices" name="test_add_existing_asset_feed" time="0.095" /><testcase classname="tests.priceSources.curve.test_curve_prices" name="test_all_events_emitted" time="0.062" /><testcase classname="tests.priceSources.curve.test_curve_prices" name="test_cancel_events" time="0.049" /><testcase classname="tests.priceSources.curve.test_curve_prices" name="test_access_control_non_governance" time="0.071" /><testcase classname="tests.priceSources.curve.test_curve_prices" name="test_savings_green_price" time="0.154" /></testsuite></testsuites>