<?xml version="1.0" encoding="utf-8"?><testsuites name="pytest tests"><testsuite name="pytest" errors="0" failures="24" skipped="0" tests="32" time="139.548" timestamp="2026-08-15T12:44:31.259853-06:00" hostname="sanitized-local-host"><testcase classname="tests.priceSources.curve.test_curve_prices" name="test_add_curve_price_green_single_asset" time="123.010"><failure message="AssertionError: assert False&#10; +  where False = contracts/priceSources/CurvePrices.vy.confirmNewPriceFeed(&lt;contracts/tokens/GreenToken.vy at 0xC6Acb7D16D51f72eAA659668F30A40d87E2E0551, compiled with vyper-0.4.3+bff19ea2&gt;, sender=Address('0x064e88f9CD0eF0525f7A125D4396eE93468C7cdD'))&#10; +    where contracts/priceSources/CurvePrices.vy.confirmNewPriceFeed = &lt;contracts/priceSources/CurvePrices.vy at 0xB854c1f42f9ccedB43Ef646c94c2512ecbB05BA1, compiled with vyper-0.4.3+bff19e...'update': 0, 'inDanger': False}), 'numBlocksInDanger': 0, 'nextIndex': 0}), snapShots={}, pendingGreenRefPoolConfig={}&gt;.confirmNewPriceFeed&#10; +    and   Address('0x064e88f9CD0eF0525f7A125D4396eE93468C7cdD') = &lt;contracts/mock/MockRando.vy at 0x064e88f9CD0eF0525f7A125D4396eE93468C7cdD, compiled with vyper-0.4.3+bff19ea2&gt;.address">E   AssertionError: assert False
     +  where False = contracts/priceSources/CurvePrices.vy.confirmNewPriceFeed(&lt;contracts/tokens/GreenToken.vy at 0xC6Acb7D16D51f72eAA659668F30A40d87E2E0551, compiled with vyper-0.4.3+bff19ea2&gt;, sender=Address('0x064e88f9CD0eF0525f7A125D4396eE93468C7cdD'))
     +    where contracts/priceSources/CurvePrices.vy.confirmNewPriceFeed = &lt;contracts/priceSources/CurvePrices.vy at 0xB854c1f42f9ccedB43Ef646c94c2512ecbB05BA1, compiled with vyper-0.4.3+bff19e...'update': 0, 'inDanger': False}), 'numBlocksInDanger': 0, 'nextIndex': 0}), snapShots={}, pendingGreenRefPoolConfig={}&gt;.confirmNewPriceFeed
     +    and   Address('0x064e88f9CD0eF0525f7A125D4396eE93468C7cdD') = &lt;contracts/mock/MockRando.vy at 0x064e88f9CD0eF0525f7A125D4396eE93468C7cdD, compiled with vyper-0.4.3+bff19ea2&gt;.address</failure></testcase><testcase classname="tests.priceSources.curve.test_curve_prices" name="test_get_price_green_single_asset" time="0.072"><failure message="AssertionError: assert False&#10; +  where False = contracts/priceSources/CurvePrices.vy.confirmNewPriceFeed(&lt;contracts/tokens/GreenToken.vy at 0xC6Acb7D16D51f72eAA659668F30A40d87E2E0551, compiled with vyper-0.4.3+bff19ea2&gt;, sender=Address('0x064e88f9CD0eF0525f7A125D4396eE93468C7cdD'))&#10; +    where contracts/priceSources/CurvePrices.vy.confirmNewPriceFeed = &lt;contracts/priceSources/CurvePrices.vy at 0xB854c1f42f9ccedB43Ef646c94c2512ecbB05BA1, compiled with vyper-0.4.3+bff19e...'update': 0, 'inDanger': False}), 'numBlocksInDanger': 0, 'nextIndex': 0}), snapShots={}, pendingGreenRefPoolConfig={}&gt;.confirmNewPriceFeed&#10; +    and   Address('0x064e88f9CD0eF0525f7A125D4396eE93468C7cdD') = &lt;contracts/mock/MockRando.vy at 0x064e88f9CD0eF0525f7A125D4396eE93468C7cdD, compiled with vyper-0.4.3+bff19ea2&gt;.address">E   AssertionError: assert False
     +  where False = contracts/priceSources/CurvePrices.vy.confirmNewPriceFeed(&lt;contracts/tokens/GreenToken.vy at 0xC6Acb7D16D51f72eAA659668F30A40d87E2E0551, compiled with vyper-0.4.3+bff19ea2&gt;, sender=Address('0x064e88f9CD0eF0525f7A125D4396eE93468C7cdD'))
     +    where contracts/priceSources/CurvePrices.vy.confirmNewPriceFeed = &lt;contracts/priceSources/CurvePrices.vy at 0xB854c1f42f9ccedB43Ef646c94c2512ecbB05BA1, compiled with vyper-0.4.3+bff19e...'update': 0, 'inDanger': False}), 'numBlocksInDanger': 0, 'nextIndex': 0}), snapShots={}, pendingGreenRefPoolConfig={}&gt;.confirmNewPriceFeed
     +    and   Address('0x064e88f9CD0eF0525f7A125D4396eE93468C7cdD') = &lt;contracts/mock/MockRando.vy at 0x064e88f9CD0eF0525f7A125D4396eE93468C7cdD, compiled with vyper-0.4.3+bff19ea2&gt;.address</failure></testcase><testcase classname="tests.priceSources.curve.test_curve_prices" name="test_add_curve_price_green_lp" time="0.173"><failure message="AssertionError: assert False&#10; +  where False = contracts/priceSources/CurvePrices.vy.confirmNewPriceFeed(Address('0x3CC723aBAa73a0C325752195def5B462051F74d4'), sender=Address('0x064e88f9CD0eF0525f7A125D4396eE93468C7cdD'))&#10; +    where contracts/priceSources/CurvePrices.vy.confirmNewPriceFeed = &lt;contracts/priceSources/CurvePrices.vy at 0xB854c1f42f9ccedB43Ef646c94c2512ecbB05BA1, compiled with vyper-0.4.3+bff19e...'update': 0, 'inDanger': False}), 'numBlocksInDanger': 0, 'nextIndex': 0}), snapShots={}, pendingGreenRefPoolConfig={}&gt;.confirmNewPriceFeed&#10; +    and   Address('0x064e88f9CD0eF0525f7A125D4396eE93468C7cdD') = &lt;contracts/mock/MockRando.vy at 0x064e88f9CD0eF0525f7A125D4396eE93468C7cdD, compiled with vyper-0.4.3+bff19ea2&gt;.address">E   AssertionError: assert False
     +  where False = contracts/priceSources/CurvePrices.vy.confirmNewPriceFeed(Address('0x3CC723aBAa73a0C325752195def5B462051F74d4'), sender=Address('0x064e88f9CD0eF0525f7A125D4396eE93468C7cdD'))
     +    where contracts/priceSources/CurvePrices.vy.confirmNewPriceFeed = &lt;contracts/priceSources/CurvePrices.vy at 0xB854c1f42f9ccedB43Ef646c94c2512ecbB05BA1, compiled with vyper-0.4.3+bff19e...'update': 0, 'inDanger': False}), 'numBlocksInDanger': 0, 'nextIndex': 0}), snapShots={}, pendingGreenRefPoolConfig={}&gt;.confirmNewPriceFeed
     +    and   Address('0x064e88f9CD0eF0525f7A125D4396eE93468C7cdD') = &lt;contracts/mock/MockRando.vy at 0x064e88f9CD0eF0525f7A125D4396eE93468C7cdD, compiled with vyper-0.4.3+bff19ea2&gt;.address</failure></testcase><testcase classname="tests.priceSources.curve.test_curve_prices" name="test_get_price_green_lp" time="0.114"><failure message="AssertionError: assert False&#10; +  where False = contracts/priceSources/CurvePrices.vy.confirmNewPriceFeed(Address('0x3CC723aBAa73a0C325752195def5B462051F74d4'), sender=Address('0x064e88f9CD0eF0525f7A125D4396eE93468C7cdD'))&#10; +    where contracts/priceSources/CurvePrices.vy.confirmNewPriceFeed = &lt;contracts/priceSources/CurvePrices.vy at 0xB854c1f42f9ccedB43Ef646c94c2512ecbB05BA1, compiled with vyper-0.4.3+bff19e...'update': 0, 'inDanger': False}), 'numBlocksInDanger': 0, 'nextIndex': 0}), snapShots={}, pendingGreenRefPoolConfig={}&gt;.confirmNewPriceFeed&#10; +    and   Address('0x064e88f9CD0eF0525f7A125D4396eE93468C7cdD') = &lt;contracts/mock/MockRando.vy at 0x064e88f9CD0eF0525f7A125D4396eE93468C7cdD, compiled with vyper-0.4.3+bff19ea2&gt;.address">E   AssertionError: assert False
     +  where False = contracts/priceSources/CurvePrices.vy.confirmNewPriceFeed(Address('0x3CC723aBAa73a0C325752195def5B462051F74d4'), sender=Address('0x064e88f9CD0eF0525f7A125D4396eE93468C7cdD'))
     +    where contracts/priceSources/CurvePrices.vy.confirmNewPriceFeed = &lt;contracts/priceSources/CurvePrices.vy at 0xB854c1f42f9ccedB43Ef646c94c2512ecbB05BA1, compiled with vyper-0.4.3+bff19e...'update': 0, 'inDanger': False}), 'numBlocksInDanger': 0, 'nextIndex': 0}), snapShots={}, pendingGreenRefPoolConfig={}&gt;.confirmNewPriceFeed
     +    and   Address('0x064e88f9CD0eF0525f7A125D4396eE93468C7cdD') = &lt;contracts/mock/MockRando.vy at 0x064e88f9CD0eF0525f7A125D4396eE93468C7cdD, compiled with vyper-0.4.3+bff19ea2&gt;.address</failure></testcase><testcase classname="tests.priceSources.curve.test_curve_prices" name="test_green_pool_imbalanced" time="0.092"><failure message="AssertionError: assert False&#10; +  where False = contracts/priceSources/CurvePrices.vy.confirmNewPriceFeed(&lt;contracts/tokens/GreenToken.vy at 0xC6Acb7D16D51f72eAA659668F30A40d87E2E0551, compiled with vyper-0.4.3+bff19ea2&gt;, sender=Address('0x064e88f9CD0eF0525f7A125D4396eE93468C7cdD'))&#10; +    where contracts/priceSources/CurvePrices.vy.confirmNewPriceFeed = &lt;contracts/priceSources/CurvePrices.vy at 0xB854c1f42f9ccedB43Ef646c94c2512ecbB05BA1, compiled with vyper-0.4.3+bff19e...'update': 0, 'inDanger': False}), 'numBlocksInDanger': 0, 'nextIndex': 0}), snapShots={}, pendingGreenRefPoolConfig={}&gt;.confirmNewPriceFeed&#10; +    and   Address('0x064e88f9CD0eF0525f7A125D4396eE93468C7cdD') = &lt;contracts/mock/MockRando.vy at 0x064e88f9CD0eF0525f7A125D4396eE93468C7cdD, compiled with vyper-0.4.3+bff19ea2&gt;.address">E   AssertionError: assert False
     +  where False = contracts/priceSources/CurvePrices.vy.confirmNewPriceFeed(&lt;contracts/tokens/GreenToken.vy at 0xC6Acb7D16D51f72eAA659668F30A40d87E2E0551, compiled with vyper-0.4.3+bff19ea2&gt;, sender=Address('0x064e88f9CD0eF0525f7A125D4396eE93468C7cdD'))
     +    where contracts/priceSources/CurvePrices.vy.confirmNewPriceFeed = &lt;contracts/priceSources/CurvePrices.vy at 0xB854c1f42f9ccedB43Ef646c94c2512ecbB05BA1, compiled with vyper-0.4.3+bff19e...'update': 0, 'inDanger': False}), 'numBlocksInDanger': 0, 'nextIndex': 0}), snapShots={}, pendingGreenRefPoolConfig={}&gt;.confirmNewPriceFeed
     +    and   Address('0x064e88f9CD0eF0525f7A125D4396eE93468C7cdD') = &lt;contracts/mock/MockRando.vy at 0x064e88f9CD0eF0525f7A125D4396eE93468C7cdD, compiled with vyper-0.4.3+bff19ea2&gt;.address</failure></testcase><testcase classname="tests.priceSources.curve.test_curve_prices" name="test_add_curve_price_ripe_single_asset" time="3.150"><failure message="AssertionError: assert False&#10; +  where False = contracts/priceSources/CurvePrices.vy.confirmNewPriceFeed(&lt;contracts/tokens/RipeToken.vy at 0x78548820b365886d05009F1127bf553603E5A836, compiled with vyper-0.4.3+bff19ea2&gt;, sender=Address('0x064e88f9CD0eF0525f7A125D4396eE93468C7cdD'))&#10; +    where contracts/priceSources/CurvePrices.vy.confirmNewPriceFeed = &lt;contracts/priceSources/CurvePrices.vy at 0xB854c1f42f9ccedB43Ef646c94c2512ecbB05BA1, compiled with vyper-0.4.3+bff19e...'update': 0, 'inDanger': False}), 'numBlocksInDanger': 0, 'nextIndex': 0}), snapShots={}, pendingGreenRefPoolConfig={}&gt;.confirmNewPriceFeed&#10; +    and   Address('0x064e88f9CD0eF0525f7A125D4396eE93468C7cdD') = &lt;contracts/mock/MockRando.vy at 0x064e88f9CD0eF0525f7A125D4396eE93468C7cdD, compiled with vyper-0.4.3+bff19ea2&gt;.address">E   AssertionError: assert False
     +  where False = contracts/priceSources/CurvePrices.vy.confirmNewPriceFeed(&lt;contracts/tokens/RipeToken.vy at 0x78548820b365886d05009F1127bf553603E5A836, compiled with vyper-0.4.3+bff19ea2&gt;, sender=Address('0x064e88f9CD0eF0525f7A125D4396eE93468C7cdD'))
     +    where contracts/priceSources/CurvePrices.vy.confirmNewPriceFeed = &lt;contracts/priceSources/CurvePrices.vy at 0xB854c1f42f9ccedB43Ef646c94c2512ecbB05BA1, compiled with vyper-0.4.3+bff19e...'update': 0, 'inDanger': False}), 'numBlocksInDanger': 0, 'nextIndex': 0}), snapShots={}, pendingGreenRefPoolConfig={}&gt;.confirmNewPriceFeed
     +    and   Address('0x064e88f9CD0eF0525f7A125D4396eE93468C7cdD') = &lt;contracts/mock/MockRando.vy at 0x064e88f9CD0eF0525f7A125D4396eE93468C7cdD, compiled with vyper-0.4.3+bff19ea2&gt;.address</failure></testcase><testcase classname="tests.priceSources.curve.test_curve_prices" name="test_get_price_ripe_single_asset" time="0.072"><failure message="AssertionError: assert False&#10; +  where False = contracts/priceSources/CurvePrices.vy.confirmNewPriceFeed(&lt;contracts/tokens/RipeToken.vy at 0x78548820b365886d05009F1127bf553603E5A836, compiled with vyper-0.4.3+bff19ea2&gt;, sender=Address('0x064e88f9CD0eF0525f7A125D4396eE93468C7cdD'))&#10; +    where contracts/priceSources/CurvePrices.vy.confirmNewPriceFeed = &lt;contracts/priceSources/CurvePrices.vy at 0xB854c1f42f9ccedB43Ef646c94c2512ecbB05BA1, compiled with vyper-0.4.3+bff19e...'update': 0, 'inDanger': False}), 'numBlocksInDanger': 0, 'nextIndex': 0}), snapShots={}, pendingGreenRefPoolConfig={}&gt;.confirmNewPriceFeed&#10; +    and   Address('0x064e88f9CD0eF0525f7A125D4396eE93468C7cdD') = &lt;contracts/mock/MockRando.vy at 0x064e88f9CD0eF0525f7A125D4396eE93468C7cdD, compiled with vyper-0.4.3+bff19ea2&gt;.address">E   AssertionError: assert False
     +  where False = contracts/priceSources/CurvePrices.vy.confirmNewPriceFeed(&lt;contracts/tokens/RipeToken.vy at 0x78548820b365886d05009F1127bf553603E5A836, compiled with vyper-0.4.3+bff19ea2&gt;, sender=Address('0x064e88f9CD0eF0525f7A125D4396eE93468C7cdD'))
     +    where contracts/priceSources/CurvePrices.vy.confirmNewPriceFeed = &lt;contracts/priceSources/CurvePrices.vy at 0xB854c1f42f9ccedB43Ef646c94c2512ecbB05BA1, compiled with vyper-0.4.3+bff19e...'update': 0, 'inDanger': False}), 'numBlocksInDanger': 0, 'nextIndex': 0}), snapShots={}, pendingGreenRefPoolConfig={}&gt;.confirmNewPriceFeed
     +    and   Address('0x064e88f9CD0eF0525f7A125D4396eE93468C7cdD') = &lt;contracts/mock/MockRando.vy at 0x064e88f9CD0eF0525f7A125D4396eE93468C7cdD, compiled with vyper-0.4.3+bff19ea2&gt;.address</failure></testcase><testcase classname="tests.priceSources.curve.test_curve_prices" name="test_add_curve_price_ripe_lp" time="0.149"><failure message="AssertionError: assert False&#10; +  where False = contracts/priceSources/CurvePrices.vy.confirmNewPriceFeed(Address('0x2bfA82Fcc04093250BCc768b6df9D37040931109'), sender=Address('0x064e88f9CD0eF0525f7A125D4396eE93468C7cdD'))&#10; +    where contracts/priceSources/CurvePrices.vy.confirmNewPriceFeed = &lt;contracts/priceSources/CurvePrices.vy at 0xB854c1f42f9ccedB43Ef646c94c2512ecbB05BA1, compiled with vyper-0.4.3+bff19e...'update': 0, 'inDanger': False}), 'numBlocksInDanger': 0, 'nextIndex': 0}), snapShots={}, pendingGreenRefPoolConfig={}&gt;.confirmNewPriceFeed&#10; +    and   Address('0x064e88f9CD0eF0525f7A125D4396eE93468C7cdD') = &lt;contracts/mock/MockRando.vy at 0x064e88f9CD0eF0525f7A125D4396eE93468C7cdD, compiled with vyper-0.4.3+bff19ea2&gt;.address">E   AssertionError: assert False
     +  where False = contracts/priceSources/CurvePrices.vy.confirmNewPriceFeed(Address('0x2bfA82Fcc04093250BCc768b6df9D37040931109'), sender=Address('0x064e88f9CD0eF0525f7A125D4396eE93468C7cdD'))
     +    where contracts/priceSources/CurvePrices.vy.confirmNewPriceFeed = &lt;contracts/priceSources/CurvePrices.vy at 0xB854c1f42f9ccedB43Ef646c94c2512ecbB05BA1, compiled with vyper-0.4.3+bff19e...'update': 0, 'inDanger': False}), 'numBlocksInDanger': 0, 'nextIndex': 0}), snapShots={}, pendingGreenRefPoolConfig={}&gt;.confirmNewPriceFeed
     +    and   Address('0x064e88f9CD0eF0525f7A125D4396eE93468C7cdD') = &lt;contracts/mock/MockRando.vy at 0x064e88f9CD0eF0525f7A125D4396eE93468C7cdD, compiled with vyper-0.4.3+bff19ea2&gt;.address</failure></testcase><testcase classname="tests.priceSources.curve.test_curve_prices" name="test_get_price_ripe_lp" time="0.101"><failure message="AssertionError: assert False&#10; +  where False = contracts/priceSources/CurvePrices.vy.confirmNewPriceFeed(Address('0x2bfA82Fcc04093250BCc768b6df9D37040931109'), sender=Address('0x064e88f9CD0eF0525f7A125D4396eE93468C7cdD'))&#10; +    where contracts/priceSources/CurvePrices.vy.confirmNewPriceFeed = &lt;contracts/priceSources/CurvePrices.vy at 0xB854c1f42f9ccedB43Ef646c94c2512ecbB05BA1, compiled with vyper-0.4.3+bff19e...'update': 0, 'inDanger': False}), 'numBlocksInDanger': 0, 'nextIndex': 0}), snapShots={}, pendingGreenRefPoolConfig={}&gt;.confirmNewPriceFeed&#10; +    and   Address('0x064e88f9CD0eF0525f7A125D4396eE93468C7cdD') = &lt;contracts/mock/MockRando.vy at 0x064e88f9CD0eF0525f7A125D4396eE93468C7cdD, compiled with vyper-0.4.3+bff19ea2&gt;.address">E   AssertionError: assert False
     +  where False = contracts/priceSources/CurvePrices.vy.confirmNewPriceFeed(Address('0x2bfA82Fcc04093250BCc768b6df9D37040931109'), sender=Address('0x064e88f9CD0eF0525f7A125D4396eE93468C7cdD'))
     +    where contracts/priceSources/CurvePrices.vy.confirmNewPriceFeed = &lt;contracts/priceSources/CurvePrices.vy at 0xB854c1f42f9ccedB43Ef646c94c2512ecbB05BA1, compiled with vyper-0.4.3+bff19e...'update': 0, 'inDanger': False}), 'numBlocksInDanger': 0, 'nextIndex': 0}), snapShots={}, pendingGreenRefPoolConfig={}&gt;.confirmNewPriceFeed
     +    and   Address('0x064e88f9CD0eF0525f7A125D4396eE93468C7cdD') = &lt;contracts/mock/MockRando.vy at 0x064e88f9CD0eF0525f7A125D4396eE93468C7cdD, compiled with vyper-0.4.3+bff19ea2&gt;.address</failure></testcase><testcase classname="tests.priceSources.curve.test_curve_prices" name="test_ripe_pool_imbalanced" time="0.102"><failure message="AssertionError: assert False&#10; +  where False = contracts/priceSources/CurvePrices.vy.confirmNewPriceFeed(&lt;contracts/tokens/RipeToken.vy at 0x78548820b365886d05009F1127bf553603E5A836, compiled with vyper-0.4.3+bff19ea2&gt;, sender=Address('0x064e88f9CD0eF0525f7A125D4396eE93468C7cdD'))&#10; +    where contracts/priceSources/CurvePrices.vy.confirmNewPriceFeed = &lt;contracts/priceSources/CurvePrices.vy at 0xB854c1f42f9ccedB43Ef646c94c2512ecbB05BA1, compiled with vyper-0.4.3+bff19e...'update': 0, 'inDanger': False}), 'numBlocksInDanger': 0, 'nextIndex': 0}), snapShots={}, pendingGreenRefPoolConfig={}&gt;.confirmNewPriceFeed&#10; +    and   Address('0x064e88f9CD0eF0525f7A125D4396eE93468C7cdD') = &lt;contracts/mock/MockRando.vy at 0x064e88f9CD0eF0525f7A125D4396eE93468C7cdD, compiled with vyper-0.4.3+bff19ea2&gt;.address">E   AssertionError: assert False
     +  where False = contracts/priceSources/CurvePrices.vy.confirmNewPriceFeed(&lt;contracts/tokens/RipeToken.vy at 0x78548820b365886d05009F1127bf553603E5A836, compiled with vyper-0.4.3+bff19ea2&gt;, sender=Address('0x064e88f9CD0eF0525f7A125D4396eE93468C7cdD'))
     +    where contracts/priceSources/CurvePrices.vy.confirmNewPriceFeed = &lt;contracts/priceSources/CurvePrices.vy at 0xB854c1f42f9ccedB43Ef646c94c2512ecbB05BA1, compiled with vyper-0.4.3+bff19e...'update': 0, 'inDanger': False}), 'numBlocksInDanger': 0, 'nextIndex': 0}), snapShots={}, pendingGreenRefPoolConfig={}&gt;.confirmNewPriceFeed
     +    and   Address('0x064e88f9CD0eF0525f7A125D4396eE93468C7cdD') = &lt;contracts/mock/MockRando.vy at 0x064e88f9CD0eF0525f7A125D4396eE93468C7cdD, compiled with vyper-0.4.3+bff19ea2&gt;.address</failure></testcase><testcase classname="tests.priceSources.curve.test_curve_prices" name="test_add_curve_price_stable_ng" time="3.081"><failure message="AssertionError: assert False&#10; +  where False = contracts/priceSources/CurvePrices.vy.confirmNewPriceFeed(&lt;scrvusd interface at 0x646A737B9B6024e49f5908762B3fF73e65B5160c&gt;, sender=Address('0x064e88f9CD0eF0525f7A125D4396eE93468C7cdD'))&#10; +    where contracts/priceSources/CurvePrices.vy.confirmNewPriceFeed = &lt;contracts/priceSources/CurvePrices.vy at 0xB854c1f42f9ccedB43Ef646c94c2512ecbB05BA1, compiled with vyper-0.4.3+bff19e...'update': 0, 'inDanger': False}), 'numBlocksInDanger': 0, 'nextIndex': 0}), snapShots={}, pendingGreenRefPoolConfig={}&gt;.confirmNewPriceFeed&#10; +    and   Address('0x064e88f9CD0eF0525f7A125D4396eE93468C7cdD') = &lt;contracts/mock/MockRando.vy at 0x064e88f9CD0eF0525f7A125D4396eE93468C7cdD, compiled with vyper-0.4.3+bff19ea2&gt;.address">E   AssertionError: assert False
     +  where False = contracts/priceSources/CurvePrices.vy.confirmNewPriceFeed(&lt;scrvusd interface at 0x646A737B9B6024e49f5908762B3fF73e65B5160c&gt;, sender=Address('0x064e88f9CD0eF0525f7A125D4396eE93468C7cdD'))
     +    where contracts/priceSources/CurvePrices.vy.confirmNewPriceFeed = &lt;contracts/priceSources/CurvePrices.vy at 0xB854c1f42f9ccedB43Ef646c94c2512ecbB05BA1, compiled with vyper-0.4.3+bff19e...'update': 0, 'inDanger': False}), 'numBlocksInDanger': 0, 'nextIndex': 0}), snapShots={}, pendingGreenRefPoolConfig={}&gt;.confirmNewPriceFeed
     +    and   Address('0x064e88f9CD0eF0525f7A125D4396eE93468C7cdD') = &lt;contracts/mock/MockRando.vy at 0x064e88f9CD0eF0525f7A125D4396eE93468C7cdD, compiled with vyper-0.4.3+bff19ea2&gt;.address</failure></testcase><testcase classname="tests.priceSources.curve.test_curve_prices" name="test_get_price_stable_ng" time="0.077"><failure message="AssertionError: assert False&#10; +  where False = contracts/priceSources/CurvePrices.vy.confirmNewPriceFeed(&lt;scrvusd interface at 0x646A737B9B6024e49f5908762B3fF73e65B5160c&gt;, sender=Address('0x064e88f9CD0eF0525f7A125D4396eE93468C7cdD'))&#10; +    where contracts/priceSources/CurvePrices.vy.confirmNewPriceFeed = &lt;contracts/priceSources/CurvePrices.vy at 0xB854c1f42f9ccedB43Ef646c94c2512ecbB05BA1, compiled with vyper-0.4.3+bff19e...'update': 0, 'inDanger': False}), 'numBlocksInDanger': 0, 'nextIndex': 0}), snapShots={}, pendingGreenRefPoolConfig={}&gt;.confirmNewPriceFeed&#10; +    and   Address('0x064e88f9CD0eF0525f7A125D4396eE93468C7cdD') = &lt;contracts/mock/MockRando.vy at 0x064e88f9CD0eF0525f7A125D4396eE93468C7cdD, compiled with vyper-0.4.3+bff19ea2&gt;.address">E   AssertionError: assert False
     +  where False = contracts/priceSources/CurvePrices.vy.confirmNewPriceFeed(&lt;scrvusd interface at 0x646A737B9B6024e49f5908762B3fF73e65B5160c&gt;, sender=Address('0x064e88f9CD0eF0525f7A125D4396eE93468C7cdD'))
     +    where contracts/priceSources/CurvePrices.vy.confirmNewPriceFeed = &lt;contracts/priceSources/CurvePrices.vy at 0xB854c1f42f9ccedB43Ef646c94c2512ecbB05BA1, compiled with vyper-0.4.3+bff19e...'update': 0, 'inDanger': False}), 'numBlocksInDanger': 0, 'nextIndex': 0}), snapShots={}, pendingGreenRefPoolConfig={}&gt;.confirmNewPriceFeed
     +    and   Address('0x064e88f9CD0eF0525f7A125D4396eE93468C7cdD') = &lt;contracts/mock/MockRando.vy at 0x064e88f9CD0eF0525f7A125D4396eE93468C7cdD, compiled with vyper-0.4.3+bff19ea2&gt;.address</failure></testcase><testcase classname="tests.priceSources.curve.test_curve_prices" name="test_add_curve_price_two_crypto" time="4.537"><failure message="AssertionError: assert False&#10; +  where False = contracts/priceSources/CurvePrices.vy.confirmNewPriceFeed(&lt;cbeth interface at 0x2Ae3F1Ec7F1F5012CFEab0185bfc7aa3cf0DEc22&gt;, sender=Address('0x064e88f9CD0eF0525f7A125D4396eE93468C7cdD'))&#10; +    where contracts/priceSources/CurvePrices.vy.confirmNewPriceFeed = &lt;contracts/priceSources/CurvePrices.vy at 0xB854c1f42f9ccedB43Ef646c94c2512ecbB05BA1, compiled with vyper-0.4.3+bff19e...'update': 0, 'inDanger': False}), 'numBlocksInDanger': 0, 'nextIndex': 0}), snapShots={}, pendingGreenRefPoolConfig={}&gt;.confirmNewPriceFeed&#10; +    and   Address('0x064e88f9CD0eF0525f7A125D4396eE93468C7cdD') = &lt;contracts/mock/MockRando.vy at 0x064e88f9CD0eF0525f7A125D4396eE93468C7cdD, compiled with vyper-0.4.3+bff19ea2&gt;.address">E   AssertionError: assert False
     +  where False = contracts/priceSources/CurvePrices.vy.confirmNewPriceFeed(&lt;cbeth interface at 0x2Ae3F1Ec7F1F5012CFEab0185bfc7aa3cf0DEc22&gt;, sender=Address('0x064e88f9CD0eF0525f7A125D4396eE93468C7cdD'))
     +    where contracts/priceSources/CurvePrices.vy.confirmNewPriceFeed = &lt;contracts/priceSources/CurvePrices.vy at 0xB854c1f42f9ccedB43Ef646c94c2512ecbB05BA1, compiled with vyper-0.4.3+bff19e...'update': 0, 'inDanger': False}), 'numBlocksInDanger': 0, 'nextIndex': 0}), snapShots={}, pendingGreenRefPoolConfig={}&gt;.confirmNewPriceFeed
     +    and   Address('0x064e88f9CD0eF0525f7A125D4396eE93468C7cdD') = &lt;contracts/mock/MockRando.vy at 0x064e88f9CD0eF0525f7A125D4396eE93468C7cdD, compiled with vyper-0.4.3+bff19ea2&gt;.address</failure></testcase><testcase classname="tests.priceSources.curve.test_curve_prices" name="test_get_price_two_crypto" time="0.081"><failure message="AssertionError: assert False&#10; +  where False = contracts/priceSources/CurvePrices.vy.confirmNewPriceFeed(&lt;cbeth interface at 0x2Ae3F1Ec7F1F5012CFEab0185bfc7aa3cf0DEc22&gt;, sender=Address('0x064e88f9CD0eF0525f7A125D4396eE93468C7cdD'))&#10; +    where contracts/priceSources/CurvePrices.vy.confirmNewPriceFeed = &lt;contracts/priceSources/CurvePrices.vy at 0xB854c1f42f9ccedB43Ef646c94c2512ecbB05BA1, compiled with vyper-0.4.3+bff19e...'update': 0, 'inDanger': False}), 'numBlocksInDanger': 0, 'nextIndex': 0}), snapShots={}, pendingGreenRefPoolConfig={}&gt;.confirmNewPriceFeed&#10; +    and   Address('0x064e88f9CD0eF0525f7A125D4396eE93468C7cdD') = &lt;contracts/mock/MockRando.vy at 0x064e88f9CD0eF0525f7A125D4396eE93468C7cdD, compiled with vyper-0.4.3+bff19ea2&gt;.address">E   AssertionError: assert False
     +  where False = contracts/priceSources/CurvePrices.vy.confirmNewPriceFeed(&lt;cbeth interface at 0x2Ae3F1Ec7F1F5012CFEab0185bfc7aa3cf0DEc22&gt;, sender=Address('0x064e88f9CD0eF0525f7A125D4396eE93468C7cdD'))
     +    where contracts/priceSources/CurvePrices.vy.confirmNewPriceFeed = &lt;contracts/priceSources/CurvePrices.vy at 0xB854c1f42f9ccedB43Ef646c94c2512ecbB05BA1, compiled with vyper-0.4.3+bff19e...'update': 0, 'inDanger': False}), 'numBlocksInDanger': 0, 'nextIndex': 0}), snapShots={}, pendingGreenRefPoolConfig={}&gt;.confirmNewPriceFeed
     +    and   Address('0x064e88f9CD0eF0525f7A125D4396eE93468C7cdD') = &lt;contracts/mock/MockRando.vy at 0x064e88f9CD0eF0525f7A125D4396eE93468C7cdD, compiled with vyper-0.4.3+bff19ea2&gt;.address</failure></testcase><testcase classname="tests.priceSources.curve.test_curve_prices" name="test_add_curve_price_two_crypto_ng" time="3.524"><failure message="AssertionError: assert False&#10; +  where False = contracts/priceSources/CurvePrices.vy.confirmNewPriceFeed(&lt;frok interface at 0x42069BAbe14fB1802C5CB0F50BB9D2Ad6FEf55e2&gt;, sender=Address('0x064e88f9CD0eF0525f7A125D4396eE93468C7cdD'))&#10; +    where contracts/priceSources/CurvePrices.vy.confirmNewPriceFeed = &lt;contracts/priceSources/CurvePrices.vy at 0xB854c1f42f9ccedB43Ef646c94c2512ecbB05BA1, compiled with vyper-0.4.3+bff19e...'update': 0, 'inDanger': False}), 'numBlocksInDanger': 0, 'nextIndex': 0}), snapShots={}, pendingGreenRefPoolConfig={}&gt;.confirmNewPriceFeed&#10; +    and   Address('0x064e88f9CD0eF0525f7A125D4396eE93468C7cdD') = &lt;contracts/mock/MockRando.vy at 0x064e88f9CD0eF0525f7A125D4396eE93468C7cdD, compiled with vyper-0.4.3+bff19ea2&gt;.address">E   AssertionError: assert False
     +  where False = contracts/priceSources/CurvePrices.vy.confirmNewPriceFeed(&lt;frok interface at 0x42069BAbe14fB1802C5CB0F50BB9D2Ad6FEf55e2&gt;, sender=Address('0x064e88f9CD0eF0525f7A125D4396eE93468C7cdD'))
     +    where contracts/priceSources/CurvePrices.vy.confirmNewPriceFeed = &lt;contracts/priceSources/CurvePrices.vy at 0xB854c1f42f9ccedB43Ef646c94c2512ecbB05BA1, compiled with vyper-0.4.3+bff19e...'update': 0, 'inDanger': False}), 'numBlocksInDanger': 0, 'nextIndex': 0}), snapShots={}, pendingGreenRefPoolConfig={}&gt;.confirmNewPriceFeed
     +    and   Address('0x064e88f9CD0eF0525f7A125D4396eE93468C7cdD') = &lt;contracts/mock/MockRando.vy at 0x064e88f9CD0eF0525f7A125D4396eE93468C7cdD, compiled with vyper-0.4.3+bff19ea2&gt;.address</failure></testcase><testcase classname="tests.priceSources.curve.test_curve_prices" name="test_get_price_two_crypto_ng" time="0.078"><failure message="AssertionError: assert False&#10; +  where False = contracts/priceSources/CurvePrices.vy.confirmNewPriceFeed(&lt;frok interface at 0x42069BAbe14fB1802C5CB0F50BB9D2Ad6FEf55e2&gt;, sender=Address('0x064e88f9CD0eF0525f7A125D4396eE93468C7cdD'))&#10; +    where contracts/priceSources/CurvePrices.vy.confirmNewPriceFeed = &lt;contracts/priceSources/CurvePrices.vy at 0xB854c1f42f9ccedB43Ef646c94c2512ecbB05BA1, compiled with vyper-0.4.3+bff19e...'update': 0, 'inDanger': False}), 'numBlocksInDanger': 0, 'nextIndex': 0}), snapShots={}, pendingGreenRefPoolConfig={}&gt;.confirmNewPriceFeed&#10; +    and   Address('0x064e88f9CD0eF0525f7A125D4396eE93468C7cdD') = &lt;contracts/mock/MockRando.vy at 0x064e88f9CD0eF0525f7A125D4396eE93468C7cdD, compiled with vyper-0.4.3+bff19ea2&gt;.address">E   AssertionError: assert False
     +  where False = contracts/priceSources/CurvePrices.vy.confirmNewPriceFeed(&lt;frok interface at 0x42069BAbe14fB1802C5CB0F50BB9D2Ad6FEf55e2&gt;, sender=Address('0x064e88f9CD0eF0525f7A125D4396eE93468C7cdD'))
     +    where contracts/priceSources/CurvePrices.vy.confirmNewPriceFeed = &lt;contracts/priceSources/CurvePrices.vy at 0xB854c1f42f9ccedB43Ef646c94c2512ecbB05BA1, compiled with vyper-0.4.3+bff19e...'update': 0, 'inDanger': False}), 'numBlocksInDanger': 0, 'nextIndex': 0}), snapShots={}, pendingGreenRefPoolConfig={}&gt;.confirmNewPriceFeed
     +    and   Address('0x064e88f9CD0eF0525f7A125D4396eE93468C7cdD') = &lt;contracts/mock/MockRando.vy at 0x064e88f9CD0eF0525f7A125D4396eE93468C7cdD, compiled with vyper-0.4.3+bff19ea2&gt;.address</failure></testcase><testcase classname="tests.priceSources.curve.test_curve_prices" name="test_get_price_no_feed" time="0.004" /><testcase classname="tests.priceSources.curve.test_curve_prices" name="test_invalid_pool_edge_cases" time="0.076"><failure message="AssertionError: assert False&#10; +  where False = contracts/priceSources/CurvePrices.vy.confirmNewPriceFeed(&lt;contracts/tokens/GreenToken.vy at 0xC6Acb7D16D51f72eAA659668F30A40d87E2E0551, compiled with vyper-0.4.3+bff19ea2&gt;, sender=Address('0x064e88f9CD0eF0525f7A125D4396eE93468C7cdD'))&#10; +    where contracts/priceSources/CurvePrices.vy.confirmNewPriceFeed = &lt;contracts/priceSources/CurvePrices.vy at 0xB854c1f42f9ccedB43Ef646c94c2512ecbB05BA1, compiled with vyper-0.4.3+bff19e...'update': 0, 'inDanger': False}), 'numBlocksInDanger': 0, 'nextIndex': 0}), snapShots={}, pendingGreenRefPoolConfig={}&gt;.confirmNewPriceFeed&#10; +    and   Address('0x064e88f9CD0eF0525f7A125D4396eE93468C7cdD') = &lt;contracts/mock/MockRando.vy at 0x064e88f9CD0eF0525f7A125D4396eE93468C7cdD, compiled with vyper-0.4.3+bff19ea2&gt;.address">E   AssertionError: assert False
     +  where False = contracts/priceSources/CurvePrices.vy.confirmNewPriceFeed(&lt;contracts/tokens/GreenToken.vy at 0xC6Acb7D16D51f72eAA659668F30A40d87E2E0551, compiled with vyper-0.4.3+bff19ea2&gt;, sender=Address('0x064e88f9CD0eF0525f7A125D4396eE93468C7cdD'))
     +    where contracts/priceSources/CurvePrices.vy.confirmNewPriceFeed = &lt;contracts/priceSources/CurvePrices.vy at 0xB854c1f42f9ccedB43Ef646c94c2512ecbB05BA1, compiled with vyper-0.4.3+bff19e...'update': 0, 'inDanger': False}), 'numBlocksInDanger': 0, 'nextIndex': 0}), snapShots={}, pendingGreenRefPoolConfig={}&gt;.confirmNewPriceFeed
     +    and   Address('0x064e88f9CD0eF0525f7A125D4396eE93468C7cdD') = &lt;contracts/mock/MockRando.vy at 0x064e88f9CD0eF0525f7A125D4396eE93468C7cdD, compiled with vyper-0.4.3+bff19ea2&gt;.address</failure></testcase><testcase classname="tests.priceSources.curve.test_curve_prices" name="test_disable_feed_validation_logic" time="0.077"><failure message="AssertionError: assert False&#10; +  where False = contracts/priceSources/CurvePrices.vy.confirmNewPriceFeed(&lt;contracts/tokens/GreenToken.vy at 0xC6Acb7D16D51f72eAA659668F30A40d87E2E0551, compiled with vyper-0.4.3+bff19ea2&gt;, sender=Address('0x064e88f9CD0eF0525f7A125D4396eE93468C7cdD'))&#10; +    where contracts/priceSources/CurvePrices.vy.confirmNewPriceFeed = &lt;contracts/priceSources/CurvePrices.vy at 0xB854c1f42f9ccedB43Ef646c94c2512ecbB05BA1, compiled with vyper-0.4.3+bff19e...'update': 0, 'inDanger': False}), 'numBlocksInDanger': 0, 'nextIndex': 0}), snapShots={}, pendingGreenRefPoolConfig={}&gt;.confirmNewPriceFeed&#10; +    and   Address('0x064e88f9CD0eF0525f7A125D4396eE93468C7cdD') = &lt;contracts/mock/MockRando.vy at 0x064e88f9CD0eF0525f7A125D4396eE93468C7cdD, compiled with vyper-0.4.3+bff19ea2&gt;.address">E   AssertionError: assert False
     +  where False = contracts/priceSources/CurvePrices.vy.confirmNewPriceFeed(&lt;contracts/tokens/GreenToken.vy at 0xC6Acb7D16D51f72eAA659668F30A40d87E2E0551, compiled with vyper-0.4.3+bff19ea2&gt;, sender=Address('0x064e88f9CD0eF0525f7A125D4396eE93468C7cdD'))
     +    where contracts/priceSources/CurvePrices.vy.confirmNewPriceFeed = &lt;contracts/priceSources/CurvePrices.vy at 0xB854c1f42f9ccedB43Ef646c94c2512ecbB05BA1, compiled with vyper-0.4.3+bff19e...'update': 0, 'inDanger': False}), 'numBlocksInDanger': 0, 'nextIndex': 0}), snapShots={}, pendingGreenRefPoolConfig={}&gt;.confirmNewPriceFeed
     +    and   Address('0x064e88f9CD0eF0525f7A125D4396eE93468C7cdD') = &lt;contracts/mock/MockRando.vy at 0x064e88f9CD0eF0525f7A125D4396eE93468C7cdD, compiled with vyper-0.4.3+bff19ea2&gt;.address</failure></testcase><testcase classname="tests.priceSources.curve.test_curve_prices" name="test_update_price_feed_same_pool" time="0.077"><failure message="AssertionError: assert False&#10; +  where False = contracts/priceSources/CurvePrices.vy.confirmNewPriceFeed(&lt;contracts/tokens/GreenToken.vy at 0xC6Acb7D16D51f72eAA659668F30A40d87E2E0551, compiled with vyper-0.4.3+bff19ea2&gt;, sender=Address('0x064e88f9CD0eF0525f7A125D4396eE93468C7cdD'))&#10; +    where contracts/priceSources/CurvePrices.vy.confirmNewPriceFeed = &lt;contracts/priceSources/CurvePrices.vy at 0xB854c1f42f9ccedB43Ef646c94c2512ecbB05BA1, compiled with vyper-0.4.3+bff19e...'update': 0, 'inDanger': False}), 'numBlocksInDanger': 0, 'nextIndex': 0}), snapShots={}, pendingGreenRefPoolConfig={}&gt;.confirmNewPriceFeed&#10; +    and   Address('0x064e88f9CD0eF0525f7A125D4396eE93468C7cdD') = &lt;contracts/mock/MockRando.vy at 0x064e88f9CD0eF0525f7A125D4396eE93468C7cdD, compiled with vyper-0.4.3+bff19ea2&gt;.address">E   AssertionError: assert False
     +  where False = contracts/priceSources/CurvePrices.vy.confirmNewPriceFeed(&lt;contracts/tokens/GreenToken.vy at 0xC6Acb7D16D51f72eAA659668F30A40d87E2E0551, compiled with vyper-0.4.3+bff19ea2&gt;, sender=Address('0x064e88f9CD0eF0525f7A125D4396eE93468C7cdD'))
     +    where contracts/priceSources/CurvePrices.vy.confirmNewPriceFeed = &lt;contracts/priceSources/CurvePrices.vy at 0xB854c1f42f9ccedB43Ef646c94c2512ecbB05BA1, compiled with vyper-0.4.3+bff19e...'update': 0, 'inDanger': False}), 'numBlocksInDanger': 0, 'nextIndex': 0}), snapShots={}, pendingGreenRefPoolConfig={}&gt;.confirmNewPriceFeed
     +    and   Address('0x064e88f9CD0eF0525f7A125D4396eE93468C7cdD') = &lt;contracts/mock/MockRando.vy at 0x064e88f9CD0eF0525f7A125D4396eE93468C7cdD, compiled with vyper-0.4.3+bff19ea2&gt;.address</failure></testcase><testcase classname="tests.priceSources.curve.test_curve_prices" name="test_disable_non_existent_feed" time="0.002" /><testcase classname="tests.priceSources.curve.test_curve_prices" name="test_time_lock_early_confirmation" time="0.065" /><testcase classname="tests.priceSources.curve.test_curve_prices" name="test_confirm_non_pending_action" time="0.021" /><testcase classname="tests.priceSources.curve.test_curve_prices" name="test_cancel_non_pending_action" time="0.008" /><testcase classname="tests.priceSources.curve.test_curve_prices" name="test_complete_feed_lifecycle" time="0.079"><failure message="AssertionError: assert False&#10; +  where False = contracts/priceSources/CurvePrices.vy.confirmNewPriceFeed(&lt;contracts/tokens/GreenToken.vy at 0xC6Acb7D16D51f72eAA659668F30A40d87E2E0551, compiled with vyper-0.4.3+bff19ea2&gt;, sender=Address('0x064e88f9CD0eF0525f7A125D4396eE93468C7cdD'))&#10; +    where contracts/priceSources/CurvePrices.vy.confirmNewPriceFeed = &lt;contracts/priceSources/CurvePrices.vy at 0xB854c1f42f9ccedB43Ef646c94c2512ecbB05BA1, compiled with vyper-0.4.3+bff19e...'update': 0, 'inDanger': False}), 'numBlocksInDanger': 0, 'nextIndex': 0}), snapShots={}, pendingGreenRefPoolConfig={}&gt;.confirmNewPriceFeed&#10; +    and   Address('0x064e88f9CD0eF0525f7A125D4396eE93468C7cdD') = &lt;contracts/mock/MockRando.vy at 0x064e88f9CD0eF0525f7A125D4396eE93468C7cdD, compiled with vyper-0.4.3+bff19ea2&gt;.address">E   AssertionError: assert False
     +  where False = contracts/priceSources/CurvePrices.vy.confirmNewPriceFeed(&lt;contracts/tokens/GreenToken.vy at 0xC6Acb7D16D51f72eAA659668F30A40d87E2E0551, compiled with vyper-0.4.3+bff19ea2&gt;, sender=Address('0x064e88f9CD0eF0525f7A125D4396eE93468C7cdD'))
     +    where contracts/priceSources/CurvePrices.vy.confirmNewPriceFeed = &lt;contracts/priceSources/CurvePrices.vy at 0xB854c1f42f9ccedB43Ef646c94c2512ecbB05BA1, compiled with vyper-0.4.3+bff19e...'update': 0, 'inDanger': False}), 'numBlocksInDanger': 0, 'nextIndex': 0}), snapShots={}, pendingGreenRefPoolConfig={}&gt;.confirmNewPriceFeed
     +    and   Address('0x064e88f9CD0eF0525f7A125D4396eE93468C7cdD') = &lt;contracts/mock/MockRando.vy at 0x064e88f9CD0eF0525f7A125D4396eE93468C7cdD, compiled with vyper-0.4.3+bff19ea2&gt;.address</failure></testcase><testcase classname="tests.priceSources.curve.test_curve_prices" name="test_eco_token_detection" time="0.128" /><testcase classname="tests.priceSources.curve.test_curve_prices" name="test_price_desk_integration" time="0.077"><failure message="AssertionError: assert False&#10; +  where False = contracts/priceSources/CurvePrices.vy.confirmNewPriceFeed(&lt;contracts/tokens/GreenToken.vy at 0xC6Acb7D16D51f72eAA659668F30A40d87E2E0551, compiled with vyper-0.4.3+bff19ea2&gt;, sender=Address('0x064e88f9CD0eF0525f7A125D4396eE93468C7cdD'))&#10; +    where contracts/priceSources/CurvePrices.vy.confirmNewPriceFeed = &lt;contracts/priceSources/CurvePrices.vy at 0xB854c1f42f9ccedB43Ef646c94c2512ecbB05BA1, compiled with vyper-0.4.3+bff19e...'update': 0, 'inDanger': False}), 'numBlocksInDanger': 0, 'nextIndex': 0}), snapShots={}, pendingGreenRefPoolConfig={}&gt;.confirmNewPriceFeed&#10; +    and   Address('0x064e88f9CD0eF0525f7A125D4396eE93468C7cdD') = &lt;contracts/mock/MockRando.vy at 0x064e88f9CD0eF0525f7A125D4396eE93468C7cdD, compiled with vyper-0.4.3+bff19ea2&gt;.address">E   AssertionError: assert False
     +  where False = contracts/priceSources/CurvePrices.vy.confirmNewPriceFeed(&lt;contracts/tokens/GreenToken.vy at 0xC6Acb7D16D51f72eAA659668F30A40d87E2E0551, compiled with vyper-0.4.3+bff19ea2&gt;, sender=Address('0x064e88f9CD0eF0525f7A125D4396eE93468C7cdD'))
     +    where contracts/priceSources/CurvePrices.vy.confirmNewPriceFeed = &lt;contracts/priceSources/CurvePrices.vy at 0xB854c1f42f9ccedB43Ef646c94c2512ecbB05BA1, compiled with vyper-0.4.3+bff19e...'update': 0, 'inDanger': False}), 'numBlocksInDanger': 0, 'nextIndex': 0}), snapShots={}, pendingGreenRefPoolConfig={}&gt;.confirmNewPriceFeed
     +    and   Address('0x064e88f9CD0eF0525f7A125D4396eE93468C7cdD') = &lt;contracts/mock/MockRando.vy at 0x064e88f9CD0eF0525f7A125D4396eE93468C7cdD, compiled with vyper-0.4.3+bff19ea2&gt;.address</failure></testcase><testcase classname="tests.priceSources.curve.test_curve_prices" name="test_add_existing_asset_feed" time="0.076"><failure message="AssertionError: assert False&#10; +  where False = contracts/priceSources/CurvePrices.vy.confirmNewPriceFeed(&lt;contracts/tokens/GreenToken.vy at 0xC6Acb7D16D51f72eAA659668F30A40d87E2E0551, compiled with vyper-0.4.3+bff19ea2&gt;, sender=Address('0x064e88f9CD0eF0525f7A125D4396eE93468C7cdD'))&#10; +    where contracts/priceSources/CurvePrices.vy.confirmNewPriceFeed = &lt;contracts/priceSources/CurvePrices.vy at 0xB854c1f42f9ccedB43Ef646c94c2512ecbB05BA1, compiled with vyper-0.4.3+bff19e...'update': 0, 'inDanger': False}), 'numBlocksInDanger': 0, 'nextIndex': 0}), snapShots={}, pendingGreenRefPoolConfig={}&gt;.confirmNewPriceFeed&#10; +    and   Address('0x064e88f9CD0eF0525f7A125D4396eE93468C7cdD') = &lt;contracts/mock/MockRando.vy at 0x064e88f9CD0eF0525f7A125D4396eE93468C7cdD, compiled with vyper-0.4.3+bff19ea2&gt;.address">E   AssertionError: assert False
     +  where False = contracts/priceSources/CurvePrices.vy.confirmNewPriceFeed(&lt;contracts/tokens/GreenToken.vy at 0xC6Acb7D16D51f72eAA659668F30A40d87E2E0551, compiled with vyper-0.4.3+bff19ea2&gt;, sender=Address('0x064e88f9CD0eF0525f7A125D4396eE93468C7cdD'))
     +    where contracts/priceSources/CurvePrices.vy.confirmNewPriceFeed = &lt;contracts/priceSources/CurvePrices.vy at 0xB854c1f42f9ccedB43Ef646c94c2512ecbB05BA1, compiled with vyper-0.4.3+bff19e...'update': 0, 'inDanger': False}), 'numBlocksInDanger': 0, 'nextIndex': 0}), snapShots={}, pendingGreenRefPoolConfig={}&gt;.confirmNewPriceFeed
     +    and   Address('0x064e88f9CD0eF0525f7A125D4396eE93468C7cdD') = &lt;contracts/mock/MockRando.vy at 0x064e88f9CD0eF0525f7A125D4396eE93468C7cdD, compiled with vyper-0.4.3+bff19ea2&gt;.address</failure></testcase><testcase classname="tests.priceSources.curve.test_curve_prices" name="test_all_events_emitted" time="0.073"><failure message="assert 0 == 1&#10; +  where 0 = len([])">E   assert 0 == 1
     +  where 0 = len([])</failure></testcase><testcase classname="tests.priceSources.curve.test_curve_prices" name="test_cancel_events" time="0.054" /><testcase classname="tests.priceSources.curve.test_curve_prices" name="test_access_control_non_governance" time="0.050" /><testcase classname="tests.priceSources.curve.test_curve_prices" name="test_savings_green_price" time="0.144"><failure message="AssertionError: assert False&#10; +  where False = contracts/priceSources/CurvePrices.vy.confirmNewPriceFeed(&lt;contracts/tokens/GreenToken.vy at 0xC6Acb7D16D51f72eAA659668F30A40d87E2E0551, compiled with vyper-0.4.3+bff19ea2&gt;, sender=Address('0x064e88f9CD0eF0525f7A125D4396eE93468C7cdD'))&#10; +    where contracts/priceSources/CurvePrices.vy.confirmNewPriceFeed = &lt;contracts/priceSources/CurvePrices.vy at 0xB854c1f42f9ccedB43Ef646c94c2512ecbB05BA1, compiled with vyper-0.4.3+bff19e...'update': 0, 'inDanger': False}), 'numBlocksInDanger': 0, 'nextIndex': 0}), snapShots={}, pendingGreenRefPoolConfig={}&gt;.confirmNewPriceFeed&#10; +    and   Address('0x064e88f9CD0eF0525f7A125D4396eE93468C7cdD') = &lt;contracts/mock/MockRando.vy at 0x064e88f9CD0eF0525f7A125D4396eE93468C7cdD, compiled with vyper-0.4.3+bff19ea2&gt;.address">E   AssertionError: assert False
     +  where False = contracts/priceSources/CurvePrices.vy.confirmNewPriceFeed(&lt;contracts/tokens/GreenToken.vy at 0xC6Acb7D16D51f72eAA659668F30A40d87E2E0551, compiled with vyper-0.4.3+bff19ea2&gt;, sender=Address('0x064e88f9CD0eF0525f7A125D4396eE93468C7cdD'))
     +    where contracts/priceSources/CurvePrices.vy.confirmNewPriceFeed = &lt;contracts/priceSources/CurvePrices.vy at 0xB854c1f42f9ccedB43Ef646c94c2512ecbB05BA1, compiled with vyper-0.4.3+bff19e...'update': 0, 'inDanger': False}), 'numBlocksInDanger': 0, 'nextIndex': 0}), snapShots={}, pendingGreenRefPoolConfig={}&gt;.confirmNewPriceFeed
     +    and   Address('0x064e88f9CD0eF0525f7A125D4396eE93468C7cdD') = &lt;contracts/mock/MockRando.vy at 0x064e88f9CD0eF0525f7A125D4396eE93468C7cdD, compiled with vyper-0.4.3+bff19ea2&gt;.address</failure></testcase></testsuite></testsuites>