<?xml version="1.0" encoding="utf-8"?><testsuites name="pytest tests"><testsuite name="pytest" errors="0" failures="0" skipped="0" tests="32" time="126.169" timestamp="2026-08-15T17:47:14.918417-06:00" hostname="sanitized-host.local"><testcase classname="tests.priceSources.curve.test_curve_prices" name="test_add_curve_price_green_single_asset" time="114.762" /><testcase classname="tests.priceSources.curve.test_curve_prices" name="test_get_price_green_single_asset" time="0.062" /><testcase classname="tests.priceSources.curve.test_curve_prices" name="test_add_curve_price_green_lp" time="0.151" /><testcase classname="tests.priceSources.curve.test_curve_prices" name="test_get_price_green_lp" time="0.114" /><testcase classname="tests.priceSources.curve.test_curve_prices" name="test_green_pool_imbalanced" time="0.208" /><testcase classname="tests.priceSources.curve.test_curve_prices" name="test_add_curve_price_ripe_single_asset" time="3.107" /><testcase classname="tests.priceSources.curve.test_curve_prices" name="test_get_price_ripe_single_asset" time="0.057" /><testcase classname="tests.priceSources.curve.test_curve_prices" name="test_add_curve_price_ripe_lp" time="0.117" /><testcase classname="tests.priceSources.curve.test_curve_prices" name="test_get_price_ripe_lp" time="0.082" /><testcase classname="tests.priceSources.curve.test_curve_prices" name="test_ripe_pool_imbalanced" time="0.163" /><testcase classname="tests.priceSources.curve.test_curve_prices" name="test_add_curve_price_stable_ng" time="1.977" /><testcase classname="tests.priceSources.curve.test_curve_prices" name="test_get_price_stable_ng" time="0.062" /><testcase classname="tests.priceSources.curve.test_curve_prices" name="test_add_curve_price_two_crypto" time="1.425" /><testcase classname="tests.priceSources.curve.test_curve_prices" name="test_get_price_two_crypto" time="0.081" /><testcase classname="tests.priceSources.curve.test_curve_prices" name="test_add_curve_price_two_crypto_ng" time="2.572" /><testcase classname="tests.priceSources.curve.test_curve_prices" name="test_get_price_two_crypto_ng" time="0.070" /><testcase classname="tests.priceSources.curve.test_curve_prices" name="test_get_price_no_feed" time="0.003" /><testcase classname="tests.priceSources.curve.test_curve_prices" name="test_invalid_pool_edge_cases" time="0.106" /><testcase classname="tests.priceSources.curve.test_curve_prices" name="test_disable_feed_validation_logic" time="0.062" /><testcase classname="tests.priceSources.curve.test_curve_prices" name="test_update_price_feed_same_pool" time="0.103" /><testcase classname="tests.priceSources.curve.test_curve_prices" name="test_disable_non_existent_feed" time="0.002" /><testcase classname="tests.priceSources.curve.test_curve_prices" name="test_time_lock_early_confirmation" time="0.064" /><testcase classname="tests.priceSources.curve.test_curve_prices" name="test_confirm_non_pending_action" time="0.029" /><testcase classname="tests.priceSources.curve.test_curve_prices" name="test_cancel_non_pending_action" time="0.010" /><testcase classname="tests.priceSources.curve.test_curve_prices" name="test_complete_feed_lifecycle" time="0.064" /><testcase classname="tests.priceSources.curve.test_curve_prices" name="test_eco_token_detection" time="0.120" /><testcase classname="tests.priceSources.curve.test_curve_prices" name="test_price_desk_integration" time="0.072" /><testcase classname="tests.priceSources.curve.test_curve_prices" name="test_add_existing_asset_feed" time="0.094" /><testcase classname="tests.priceSources.curve.test_curve_prices" name="test_all_events_emitted" time="0.064" /><testcase classname="tests.priceSources.curve.test_curve_prices" name="test_cancel_events" time="0.051" /><testcase classname="tests.priceSources.curve.test_curve_prices" name="test_access_control_non_governance" time="0.074" /><testcase classname="tests.priceSources.curve.test_curve_prices" name="test_savings_green_price" time="0.157" /></testsuite></testsuites>