<?xml version="1.0" encoding="utf-8"?><testsuites name="pytest tests"><testsuite name="pytest" errors="0" failures="4" skipped="0" tests="4" time="121.401" timestamp="2026-08-15T12:29:29.327577-06:00" hostname="sanitized-local-host"><testcase classname="tests.priceSources.curve.test_green_ref_pool" name="test_sc16_single_safe_snapshot_preserves_danger_history" time="116.747"><failure message="AssertionError: assert 0 &gt;= 5&#10; +  where 0 = GreenRefPoolData(lastSnapshot=RefPoolSnapshot(greenBalance=20000000000000000000, ratio=2000, update=9, inDanger=False), numBlocksInDanger=0, nextIndex=0).numBlocksInDanger&#10; +    where GreenRefPoolData(lastSnapshot=RefPoolSnapshot(greenBalance=20000000000000000000, ratio=2000, update=9, inDanger=False), numBlocksInDanger=0, nextIndex=0) = contracts/priceSources/CurvePrices.vy.greenRefPoolData()&#10; +      where contracts/priceSources/CurvePrices.vy.greenRefPoolData = &lt;contracts/priceSources/CurvePrices.vy at 0x9FF44f4Aaa0Ba7cEe662F6d166b9F9215F880C10, compiled with vyper-0.4.3+bff19e...'maxNumSnapshots': 0, 'dangerTrigger': 0, 'staleBlocks': 0, 'stabilizerAdjustWeight': 0, 'stabilizerMaxPoolDebt': 0})}&gt;.greenRefPoolData">tests/priceSources/curve/test_green_ref_pool.py:1351: in test_sc16_single_safe_snapshot_preserves_danger_history
    assert curve.greenRefPoolData().numBlocksInDanger &gt;= danger_blocks
E   AssertionError: assert 0 &gt;= 5
E    +  where 0 = GreenRefPoolData(lastSnapshot=RefPoolSnapshot(greenBalance=20000000000000000000, ratio=2000, update=9, inDanger=False), numBlocksInDanger=0, nextIndex=0).numBlocksInDanger
E    +    where GreenRefPoolData(lastSnapshot=RefPoolSnapshot(greenBalance=20000000000000000000, ratio=2000, update=9, inDanger=False), numBlocksInDanger=0, nextIndex=0) = contracts/priceSources/CurvePrices.vy.greenRefPoolData()
E    +      where contracts/priceSources/CurvePrices.vy.greenRefPoolData = &lt;contracts/priceSources/CurvePrices.vy at 0x9FF44f4Aaa0Ba7cEe662F6d166b9F9215F880C10, compiled with vyper-0.4.3+bff19e...'maxNumSnapshots': 0, 'dangerTrigger': 0, 'staleBlocks': 0, 'stabilizerAdjustWeight': 0, 'stabilizerMaxPoolDebt': 0})}&gt;.greenRefPoolData</failure></testcase><testcase classname="tests.priceSources.curve.test_green_ref_pool" name="test_sc23_fully_stale_status_returns_zero" time="3.261"><failure message="AssertionError: assert 5000 == 0&#10; +  where 5000 = CurrentGreenPoolStatus(weightedRatio=5000, dangerTrigger=6000, numBlocksInDanger=0).weightedRatio&#10; +    where CurrentGreenPoolStatus(weightedRatio=5000, dangerTrigger=6000, numBlocksInDanger=0) = contracts/priceSources/CurvePrices.vy.getCurrentGreenPoolStatus()&#10; +      where contracts/priceSources/CurvePrices.vy.getCurrentGreenPoolStatus = &lt;contracts/priceSources/CurvePrices.vy at 0x9FF44f4Aaa0Ba7cEe662F6d166b9F9215F880C10, compiled with vyper-0.4.3+bff19e...'maxNumSnapshots': 0, 'dangerTrigger': 0, 'staleBlocks': 0, 'stabilizerAdjustWeight': 0, 'stabilizerMaxPoolDebt': 0})}&gt;.getCurrentGreenPoolStatus">tests/priceSources/curve/test_green_ref_pool.py:1359: in test_sc23_fully_stale_status_returns_zero
    assert curve.getCurrentGreenPoolStatus().weightedRatio == 0
E   AssertionError: assert 5000 == 0
E    +  where 5000 = CurrentGreenPoolStatus(weightedRatio=5000, dangerTrigger=6000, numBlocksInDanger=0).weightedRatio
E    +    where CurrentGreenPoolStatus(weightedRatio=5000, dangerTrigger=6000, numBlocksInDanger=0) = contracts/priceSources/CurvePrices.vy.getCurrentGreenPoolStatus()
E    +      where contracts/priceSources/CurvePrices.vy.getCurrentGreenPoolStatus = &lt;contracts/priceSources/CurvePrices.vy at 0x9FF44f4Aaa0Ba7cEe662F6d166b9F9215F880C10, compiled with vyper-0.4.3+bff19e...'maxNumSnapshots': 0, 'dangerTrigger': 0, 'staleBlocks': 0, 'stabilizerAdjustWeight': 0, 'stabilizerMaxPoolDebt': 0})}&gt;.getCurrentGreenPoolStatus</failure></testcase><testcase classname="tests.priceSources.curve.test_green_ref_pool" name="test_capacity_regrowth_cannot_resurrect_discarded_slots" time="0.544"><failure message="AssertionError: assert 8046 == 8500&#10; +  where 8046 = CurrentGreenPoolStatus(weightedRatio=8046, dangerTrigger=6000, numBlocksInDanger=6).weightedRatio&#10; +    where CurrentGreenPoolStatus(weightedRatio=8046, dangerTrigger=6000, numBlocksInDanger=6) = contracts/priceSources/CurvePrices.vy.getCurrentGreenPoolStatus()&#10; +      where contracts/priceSources/CurvePrices.vy.getCurrentGreenPoolStatus = &lt;contracts/priceSources/CurvePrices.vy at 0x9FF44f4Aaa0Ba7cEe662F6d166b9F9215F880C10, compiled with vyper-0.4.3+bff19e...'maxNumSnapshots': 0, 'dangerTrigger': 0, 'staleBlocks': 0, 'stabilizerAdjustWeight': 0, 'stabilizerMaxPoolDebt': 0})}&gt;.getCurrentGreenPoolStatus">tests/priceSources/curve/test_green_ref_pool.py:1386: in test_capacity_regrowth_cannot_resurrect_discarded_slots
    assert curve.getCurrentGreenPoolStatus().weightedRatio == 85_00
E   AssertionError: assert 8046 == 8500
E    +  where 8046 = CurrentGreenPoolStatus(weightedRatio=8046, dangerTrigger=6000, numBlocksInDanger=6).weightedRatio
E    +    where CurrentGreenPoolStatus(weightedRatio=8046, dangerTrigger=6000, numBlocksInDanger=6) = contracts/priceSources/CurvePrices.vy.getCurrentGreenPoolStatus()
E    +      where contracts/priceSources/CurvePrices.vy.getCurrentGreenPoolStatus = &lt;contracts/priceSources/CurvePrices.vy at 0x9FF44f4Aaa0Ba7cEe662F6d166b9F9215F880C10, compiled with vyper-0.4.3+bff19e...'maxNumSnapshots': 0, 'dangerTrigger': 0, 'staleBlocks': 0, 'stabilizerAdjustWeight': 0, 'stabilizerMaxPoolDebt': 0})}&gt;.getCurrentGreenPoolStatus</failure></testcase><testcase classname="tests.priceSources.curve.test_green_ref_pool" name="test_extreme_stale_blocks_rejected_without_poisoning_view" time="0.537"><failure message="boa.contracts.base_evm_contract.BoaError: &#10;========================================================================&#10;[E] [3182] CurvePrices.getCurrentGreenPoolStatus:986() &lt;0x&gt;&#10;========================================================================&#10;&#10;Revert(b'')&#10;&#10;&lt;contracts/priceSources/CurvePrices.vy at 0x9FF44f4Aaa0Ba7cEe662F6d166b9F9215F880C10, compiled with vyper-0.4.3+bff19ea2&gt;&#10;&lt;storage: curveConfig={}, pendingUpdates={}, greenRefPoolConfig=GreenRefPoolConfig({'pool': '0xCEa1d80317214D835e2f351b8F22e7cBc19E65BA', 'lpToken': '0xCEa1d80317214D835e2f351b8F22e7cBc19E65BA', 'greenIndex': 1, 'altAsset': '0xbe3b199E24C9AE8A8C419125e957c100CbbF02d6', 'altAssetDecimals': 18, 'maxNumSnapshots': 10, 'dangerTrigger': 6000, 'staleBlocks': 115792089237316195423570985008687907853269984665640564039457584007913129639935, 'stabilizerAdjustWeight': 1000, 'stabilizerMaxPoolDebt': 100000000000000000000000}), greenRefPoolData=GreenRefPoolData({'lastSnapshot': RefPoolSnapshot({'greenBalance': 10000000000000000000000, 'ratio': 5000, 'update': 2, 'inDanger': False}), 'numBlocksInDanger': 0, 'nextIndex': 1}), snapShots={3: RefPoolSnapshot({'greenBalance': 0, 'ratio': 0, 'update': 0, 'inDanger': False}), 2: RefPoolSnapshot({'greenBalance': 0, 'ratio': 0, 'update': 0, 'inDanger': False}), 0: RefPoolSnapshot({'greenBalance': 10000000000000000000000, 'ratio': 5000, 'update': 2, 'inDanger': False}), 1: RefPoolSnapshot({'greenBalance': 0, 'ratio': 0, 'update': 0, 'inDanger': False})}, pendingGreenRefPoolConfig={1: GreenRefPoolConfig({'pool': '0x0000000000000000000000000000000000000000', 'lpToken': '0x0000000000000000000000000000000000000000', 'greenIndex': 0, 'altAsset': '0x0000000000000000000000000000000000000000', 'altAssetDecimals': 0, 'maxNumSnapshots': 0, 'dangerTrigger': 0, 'staleBlocks': 0, 'stabilizerAdjustWeight': 0, 'stabilizerMaxPoolDebt': 0}), 3: GreenRefPoolConfig({'pool': '0x0000000000000000000000000000000000000000', 'lpToken': '0x0000000000000000000000000000000000000000', 'greenIndex': 0, 'altAsset': '0x0000000000000000000000000000000000000000', 'altAssetDecimals': 0, 'maxNumSnapshots': 0, 'dangerTrigger': 0, 'staleBlocks': 0, 'stabilizerAdjustWeight': 0, 'stabilizerMaxPoolDebt': 0}), 2: GreenRefPoolConfig({'pool': '0x0000000000000000000000000000000000000000', 'lpToken': '0x0000000000000000000000000000000000000000', 'greenIndex': 0, 'altAsset': '0x0000000000000000000000000000000000000000', 'altAssetDecimals': 0, 'maxNumSnapshots': 0, 'dangerTrigger': 0, 'staleBlocks': 0, 'stabilizerAdjustWeight': 0, 'stabilizerMaxPoolDebt': 0})}&gt;&#10; &lt;compiler: safeadd&gt;&#10;&#10;  contract &quot;contracts/priceSources/CurvePrices.vy:986&quot;, function &quot;getCurrentGreenPoolStatus&quot;, line 986:54 &#10;       985         # too stale, skip&#10;  ---&gt; 986         if config.staleBlocks != 0 and block.number &gt; snapShot.update + config.staleBlocks:&#10;  ---------------------------------------------------------------^&#10;       987             continue&#10; &lt;locals: config=GreenRefPoolConfig({'pool': '0xCEa1d80317214D835e2f351b8F22e7cBc19E65BA', 'lpToken': '0xCEa1d80317214D835e2f351b8F22e7cBc19E65BA', 'greenIndex': 1, 'altAsset': '0xbe3b199E24C9AE8A8C419125e957c100CbbF02d6', 'altAssetDecimals': 18, 'maxNumSnapshots': 10, 'dangerTrigger': 6000, 'staleBlocks': 115792089237316195423570985008687907853269984665640564039457584007913129639935, 'stabilizerAdjustWeight': 1000, 'stabilizerMaxPoolDebt': 100000000000000000000000}), data=GreenRefPoolData({'lastSnapshot': RefPoolSnapshot({'greenBalance': 10000000000000000000000, 'ratio': 5000, 'update': 2, 'inDanger': False}), 'numBlocksInDanger': 0, 'nextIndex': 1}), numerator=0, denominator=0, weightedRatio=0&gt;">tests/priceSources/curve/test_green_ref_pool.py:1403: in test_extreme_stale_blocks_rejected_without_poisoning_view
    assert curve.getCurrentGreenPoolStatus().weightedRatio == 50_00
           ^^^^^^^^^^^^^^^^^^^^^^^^^^^^^^^^^
/Users/sanitized/dev/ripe-protocol-validation-envs/rh-wave2-py312/lib/python3.12/site-packages/boa/contracts/vyper/vyper_contract.py:1039: in __call__
    return self.contract.marshal_to_python(computation, typ)
           ^^^^^^^^^^^^^^^^^^^^^^^^^^^^^^^^^^^^^^^^^^^^^^^^^
/Users/sanitized/dev/ripe-protocol-validation-envs/rh-wave2-py312/lib/python3.12/site-packages/boa/contracts/vyper/vyper_contract.py:741: in marshal_to_python
    self.handle_error(computation)
/Users/sanitized/dev/ripe-protocol-validation-envs/rh-wave2-py312/lib/python3.12/site-packages/boa/contracts/base_evm_contract.py:52: in handle_error
    raise strip_internal_frames(b) from b
tests/priceSources/curve/test_green_ref_pool.py:1403: in test_extreme_stale_blocks_rejected_without_poisoning_view
    assert curve.getCurrentGreenPoolStatus().weightedRatio == 50_00
           ^^^^^^^^^^^^^^^^^^^^^^^^^^^^^^^^^
E   boa.contracts.base_evm_contract.BoaError: 
E   ========================================================================
E   [E] [3182] CurvePrices.getCurrentGreenPoolStatus:986() &lt;0x&gt;
E   ========================================================================
E   
E   Revert(b'')
E   
E   &lt;contracts/priceSources/CurvePrices.vy at 0x9FF44f4Aaa0Ba7cEe662F6d166b9F9215F880C10, compiled with vyper-0.4.3+bff19ea2&gt;
E   &lt;storage: curveConfig={}, pendingUpdates={}, greenRefPoolConfig=GreenRefPoolConfig({'pool': '0xCEa1d80317214D835e2f351b8F22e7cBc19E65BA', 'lpToken': '0xCEa1d80317214D835e2f351b8F22e7cBc19E65BA', 'greenIndex': 1, 'altAsset': '0xbe3b199E24C9AE8A8C419125e957c100CbbF02d6', 'altAssetDecimals': 18, 'maxNumSnapshots': 10, 'dangerTrigger': 6000, 'staleBlocks': 115792089237316195423570985008687907853269984665640564039457584007913129639935, 'stabilizerAdjustWeight': 1000, 'stabilizerMaxPoolDebt': 100000000000000000000000}), greenRefPoolData=GreenRefPoolData({'lastSnapshot': RefPoolSnapshot({'greenBalance': 10000000000000000000000, 'ratio': 5000, 'update': 2, 'inDanger': False}), 'numBlocksInDanger': 0, 'nextIndex': 1}), snapShots={3: RefPoolSnapshot({'greenBalance': 0, 'ratio': 0, 'update': 0, 'inDanger': False}), 2: RefPoolSnapshot({'greenBalance': 0, 'ratio': 0, 'update': 0, 'inDanger': False}), 0: RefPoolSnapshot({'greenBalance': 10000000000000000000000, 'ratio': 5000, 'update': 2, 'inDanger': False}), 1: RefPoolSnapshot({'greenBalance': 0, 'ratio': 0, 'update': 0, 'inDanger': False})}, pendingGreenRefPoolConfig={1: GreenRefPoolConfig({'pool': '0x0000000000000000000000000000000000000000', 'lpToken': '0x0000000000000000000000000000000000000000', 'greenIndex': 0, 'altAsset': '0x0000000000000000000000000000000000000000', 'altAssetDecimals': 0, 'maxNumSnapshots': 0, 'dangerTrigger': 0, 'staleBlocks': 0, 'stabilizerAdjustWeight': 0, 'stabilizerMaxPoolDebt': 0}), 3: GreenRefPoolConfig({'pool': '0x0000000000000000000000000000000000000000', 'lpToken': '0x0000000000000000000000000000000000000000', 'greenIndex': 0, 'altAsset': '0x0000000000000000000000000000000000000000', 'altAssetDecimals': 0, 'maxNumSnapshots': 0, 'dangerTrigger': 0, 'staleBlocks': 0, 'stabilizerAdjustWeight': 0, 'stabilizerMaxPoolDebt': 0}), 2: GreenRefPoolConfig({'pool': '0x0000000000000000000000000000000000000000', 'lpToken': '0x0000000000000000000000000000000000000000', 'greenIndex': 0, 'altAsset': '0x0000000000000000000000000000000000000000', 'altAssetDecimals': 0, 'maxNumSnapshots': 0, 'dangerTrigger': 0, 'staleBlocks': 0, 'stabilizerAdjustWeight': 0, 'stabilizerMaxPoolDebt': 0})}&gt;
E    &lt;compiler: safeadd&gt;
E   
E     contract "contracts/priceSources/CurvePrices.vy:986", function "getCurrentGreenPoolStatus", line 986:54 
E          985         # too stale, skip
E     ---&gt; 986         if config.staleBlocks != 0 and block.number &gt; snapShot.update + config.staleBlocks:
E     ---------------------------------------------------------------^
E          987             continue
E    &lt;locals: config=GreenRefPoolConfig({'pool': '0xCEa1d80317214D835e2f351b8F22e7cBc19E65BA', 'lpToken': '0xCEa1d80317214D835e2f351b8F22e7cBc19E65BA', 'greenIndex': 1, 'altAsset': '0xbe3b199E24C9AE8A8C419125e957c100CbbF02d6', 'altAssetDecimals': 18, 'maxNumSnapshots': 10, 'dangerTrigger': 6000, 'staleBlocks': 115792089237316195423570985008687907853269984665640564039457584007913129639935, 'stabilizerAdjustWeight': 1000, 'stabilizerMaxPoolDebt': 100000000000000000000000}), data=GreenRefPoolData({'lastSnapshot': RefPoolSnapshot({'greenBalance': 10000000000000000000000, 'ratio': 5000, 'update': 2, 'inDanger': False}), 'numBlocksInDanger': 0, 'nextIndex': 1}), numerator=0, denominator=0, weightedRatio=0&gt;</failure></testcase></testsuite></testsuites>