<?xml version="1.0" encoding="utf-8"?><testsuites name="pytest tests"><testsuite name="pytest" errors="0" failures="0" skipped="0" tests="11" time="135.152" timestamp="2026-08-15T17:51:54.548546-06:00" hostname="sanitized-host.local"><testcase classname="tests.priceSources.curve.test_robinhood_launch_route" name="test_green_route_uses_curve_and_chainlink_usdg_without_recursion" time="110.783" /><testcase classname="tests.priceSources.curve.test_robinhood_launch_route" name="test_green_config_transition_with_normal_block_and_timestamp_progression" time="0.560" /><testcase classname="tests.priceSources.curve.test_robinhood_launch_route" name="test_final_curve_nested_price_desk_route_gas" time="0.526" /><testcase classname="tests.priceSources.curve.test_robinhood_launch_route" name="test_final_curve_worst_case_honest_nested_price_desk_gas" time="9.267" /><testcase classname="tests.priceSources.curve.test_robinhood_launch_route" name="test_full_capacity_ten_green_ring_teller_housekeeping_gas" time="0.612" /><testcase classname="tests.priceSources.curve.test_robinhood_launch_route" name="test_configured_green_feed_safe_and_unsafe_modes_fail_without_fabrication[zero_pool]" time="0.536" /><testcase classname="tests.priceSources.curve.test_robinhood_launch_route" name="test_configured_green_feed_safe_and_unsafe_modes_fail_without_fabrication[zero_chainlink]" time="3.953" /><testcase classname="tests.priceSources.curve.test_robinhood_launch_route" name="test_configured_green_feed_safe_and_unsafe_modes_fail_without_fabrication[stale_chainlink]" time="0.565" /><testcase classname="tests.priceSources.curve.test_robinhood_launch_route" name="test_reverting_pool_response_isolated_by_strictness" time="0.562" /><testcase classname="tests.priceSources.curve.test_robinhood_launch_route" name="test_missing_uninitialized_and_incompatible_pool_responses_fail_closed" time="7.094" /><testcase classname="tests.priceSources.curve.test_robinhood_launch_route" name="test_pause_disable_repair_and_reenable_order_preserves_safe_green_failure" time="0.631" /></testsuite></testsuites>