<?xml version="1.0" encoding="utf-8"?><testsuites name="pytest tests"><testsuite name="pytest" errors="0" failures="0" skipped="0" tests="11" time="128.548" timestamp="2026-08-15T18:32:11.016821-06:00" hostname="sanitized-host.local"><testcase classname="tests.priceSources.curve.test_robinhood_launch_route" name="test_green_route_uses_curve_and_chainlink_usdg_without_recursion" time="105.968" /><testcase classname="tests.priceSources.curve.test_robinhood_launch_route" name="test_green_config_transition_with_normal_block_and_timestamp_progression" time="0.563" /><testcase classname="tests.priceSources.curve.test_robinhood_launch_route" name="test_final_curve_nested_price_desk_route_gas" time="0.521" /><testcase classname="tests.priceSources.curve.test_robinhood_launch_route" name="test_final_curve_worst_case_honest_nested_price_desk_gas" time="8.556" /><testcase classname="tests.priceSources.curve.test_robinhood_launch_route" name="test_full_capacity_ten_green_ring_teller_housekeeping_gas" time="0.592" /><testcase classname="tests.priceSources.curve.test_robinhood_launch_route" name="test_configured_green_feed_safe_and_unsafe_modes_fail_without_fabrication[zero_pool]" time="0.532" /><testcase classname="tests.priceSources.curve.test_robinhood_launch_route" name="test_configured_green_feed_safe_and_unsafe_modes_fail_without_fabrication[zero_chainlink]" time="0.559" /><testcase classname="tests.priceSources.curve.test_robinhood_launch_route" name="test_configured_green_feed_safe_and_unsafe_modes_fail_without_fabrication[stale_chainlink]" time="3.609" /><testcase classname="tests.priceSources.curve.test_robinhood_launch_route" name="test_reverting_pool_response_isolated_by_strictness" time="0.548" /><testcase classname="tests.priceSources.curve.test_robinhood_launch_route" name="test_missing_uninitialized_and_incompatible_pool_responses_fail_closed" time="3.206" /><testcase classname="tests.priceSources.curve.test_robinhood_launch_route" name="test_pause_disable_repair_and_reenable_order_preserves_safe_green_failure" time="3.846" /></testsuite></testsuites>